File verbosity level: 9
date       time         ( uptime  ) [ thread name/id ]                   file:line     v| 
2024-01-04 13:32:25.381 (   0.001s) [                ]             loguru.cpp:755   INFO| Logging to 'totvsls.log', mode: 'w', verbosity: 9
(   0.001s) [main thread     ]             loguru.cpp:591   | arguments: c:\\Users\\Administrator\\.vscode\\extensions\\totvs.tds-vscode-1.3.23/node_modules/@totvs/tds-ls/bin/windows/advpls.exe language-server --enable-auto-complete=LS --notification-level=\"none\" --fs-encoding=cp1252 --includes=D:\\TOTVS\ 12\\Microsiga\\Protheus\\include --linter=enabled --log-file=totvsls.log --record=totvsls
(   0.001s) [main thread     ]             loguru.cpp:594   | Current dir: d:\TOTVS 12\Microsiga\Protheus\ProjetoVSCode
(   0.001s) [main thread     ]             loguru.cpp:596   | stderr verbosity: -2
(   0.001s) [main thread     ]             loguru.cpp:597   | -----------------------------------
(   0.002s) [main thread     ]    security_manager.cc:883   | lsRsaInit
(   0.002s) [main thread     ]    security_manager.cc:1419  | lsAsymmDecrypt
(   0.002s) [main thread     ]    security_manager.cc:1420  | plaintext 
(   0.002s) [main thread     ]    security_manager.cc:1421  | ciphertext 660089F3AA887DBA19A87505A44F1C19F2E8B608EB03B6EC6E350E85EEC4B3F0AE9A39768DA88FDD126043DF378D3E174ACCA62706684B193C97DCAE9C4EC088875B79F5E11020B25DCEE7290D857C64325176C17BA75B401D03C1FAFC09BD0D09D36CA9D392554FE1E342FD30BFB2A64EE8EC6D6B07560BAE46B83C8B46DC7A661634E3B04702FEE35276847C112C53C31F1FA72BC31140C8C3CDBEA31170A1D5B3AFC0EA2B9F90B137ACD63E295C613AD01C6E5690B208EBB4B900B73489FA567149FA271B54C63DD86B007B38E96EAB8E810255D9B7359F9DF2AE9F3FC8D21CAD92935C67DC76035BC9E276EFF5E2FE5CD675C30F406712105164E64A4028
(   0.002s) [main thread     ]    security_manager.cc:1422  | ciphertext_len 256
(   0.011s) [main thread     ]    security_manager.cc:1099  | userRsaInit
(   0.011s) [main thread     ]    security_manager.cc:1118  | Loading user prv key.
(   0.011s) [main thread     ]    security_manager.cc:1149  | Loading user pub key.
(   0.011s) [main thread     ]    security_manager.cc:1248  | Loading user symm key.
(   0.021s) [main thread     ]               utils.cc:539   | Conversion::setCode to 'cp1252'
(   0.248s) [querydb         ]msg_lsp_initialize_requ:496   | Start Running initialize
(   0.248s) [stdout          ]               timer.cc:42    | [e2e] Message to Client: "[Info] Initializing Language Server." took 0.1 ms
(   0.248s) [querydb         ]msg_lsp_initialize_requ:502   | Init parameters: {"compilationDatabaseCommand":"","compilationDatabaseDirectory":"","cacheDirectory":"","cacheFormat":"json","resourceDirectory":"","discoverSystemIncludes":true,"extraClangArguments":[],"progressReportFrequencyMs":500,"emitQueryDbBlocked":false,"emitInactiveRegions":false,"showDocumentLinksOnIncludes":true,"codeLens":{"localVariables":true},"completion":{"enableSnippets":true,"detailedLabel":false,"dropOldRequests":true,"filterAndSort":true,"includeMaxPathSize":30,"includeSuffixWhitelist":[".h",".hpp",".hh",".ch"],"includeBlacklist":[],"includeWhitelist":[]},"formatting":{"enabled":false},"diagnostics":{"blacklist":[],"whitelist":[],"frequencyMs":0,"onParse":true,"onType":true},"highlight":{"enabled":false,"blacklist":[],"whitelist":[]},"index":{"attributeMakeCallsToCtor":true,"blacklist":[],"whitelist":[],"comments":2,"enabled":true,"logSkippedPaths":false,"threads":0},"workspaceSymbol":{"maxNum":1000,"sort":true},"xref":{"maxNum":2000},"enableIndexOnDidChange":false}
(   0.249s) [querydb         ]msg_lsp_initialize_requ:517   | [querydb] Initialize in directory d:/totvs 12/microsiga/protheus/projetovscode with uri file:///d%3A/TOTVS%2012/Microsiga/Protheus/ProjetoVSCode
(   0.249s) [querydb         ]msg_lsp_initialize_requ:574   | Using -resource-dir=d:/totvs 12/microsiga/protheus/projetovscode/default_resource_directory
(   0.249s) [querydb         ]msg_lsp_initialize_requ:577   | Send initialization before starting indexers, so we don't send a status update too early.
(   0.249s) [querydb         ]msg_lsp_initialize_requ:597   | Set project root.
(   0.249s) [stdout          ]               timer.cc:42    | [e2e] Running initialize took 0.565 ms
(   0.253s) [querydb         ]               timer.cc:42    | compile_commands.json advpllang time took 0.0 ms
(   0.253s) [querydb         ]               timer.cc:42    | compile_commands.json our time took 0.0 ms
(   0.253s) [querydb         ]               timer.cc:42    | [perf] Loaded compilation entries (0 files) took 0.110 ms
(   0.253s) [querydb         ]msg_lsp_initialize_requ:640   | Starting 16 indexers
(   0.254s) [querydb         ]               timer.cc:42    | [perf] Dispatched initial index requests took 0.0 ms
(   0.254s) [querydb         ]msg_lsp_initialize_requ:669   | End Running initialize
(   0.256s) [scan_includes   ]               timer.cc:42    | [perf] Scanning for includes took 1.1114 ms
(   0.278s) [querydb         ]msg_lsp_initialized_not:22    | Got Initialized Notification
(   0.278s) [stdout          ]               timer.cc:42    | [e2e] Message to Client: "[Info] Language Server initialized." took 0.0 ms
(   0.284s) [querydb         ]msg_text_document_did_o:54    | Start Running textDocument/didOpen
(   0.284s) [querydb         ]       working_files.cc:483   | OnOpen
(   0.284s) [querydb         ]msg_text_document_did_o:74    | cached_file_contents
(   0.284s) [querydb         ]               timer.cc:42    | [querydb] Loading cached index file for DidOpen (blocks CodeLens) took 0.749 ms
(   0.284s) [querydb         ]msg_text_document_did_o:93    | working_file->filename: d:/totvs 12/microsiga/protheus/projetovscode/07_financeiro/f060act.prw
(   0.285s) [querydb         ]      totvs_complete.cc:905   | Flushed completion sessions for d:/totvs 12/microsiga/protheus/projetovscode/07_financeiro/f060act.prw
(   0.285s) [querydb         ]      totvs_complete.cc:800   | AdvPLCompleteManager::NotifyView
(   0.285s) [querydb         ]      totvs_complete.cc:856   | AdvPLCompleteManager::EnsureCompletionOrCreatePreloadSession
(   0.285s) [querydb         ]msg_text_document_did_o:111   | End Running textDocument/didOpen
(   0.285s) [comp-preload    ]      totvs_complete.cc:871   | AdvPLCompleteManager::TryGetSession
(   0.285s) [querydb         ]msg_totvsserver_reconne:48    | Start Running $totvsserver/reconnect
(   0.285s) [querydb         ]msg_totvsserver_reconne:52    | Reconnecting server with connectionToken: djM6NjFxOWMxbzU3ZGFsNG1uYTZramNldjRqdHE3ZGdwOjE6MTkyLjE2OC4xLjEwMzoxMjM2OjA6Ny4wMC4yMTAzMjRQOjM=:djE6Q09NUElMQV9ROkFkbWluOjhjTG9KcHlFRmNmdkJ0TGN6dHE1Q1FkWTM4TjJDNmtISEIyWUQzTmxsNUU9|djI6MTcwNDM4NTYwNzowOjE6MQ==.r+4kKJmf4ejXIDNY5DApuAqCW1wYyEm5bYsjESI+F7niYGSV2cimeEM80abiBPJMoHkwJuIlqEUb0IU4B5XRvSUHg5iOFia6MkOKqlnfGgMg4tLRvVhdNVQNQ895gRanQbHcWZDIlq7PWPpGWW+KBGyUXdd5rAaG2njN3qDcLDO0oED9SzFyso8ItybozuaFPXK8HJZic/RR1WocIncF6Rx7DKoosi/A6U/cMssxRjHMGRIgXw9h5TqgOhnSSd/wF2aNLC/pwSxxKb3uYiUEQueJgg/6kRs6IK0PZInJwHKbqLW6BDljLSfRiHNTqOCCeXOzG9yxPTV5G1AvkT1rug==
(   0.285s) [querydb         ]  connection_manager.cc:497   | Starting reconnection to the server 'DEV_COMPILA'
(   0.285s) [querydb         ]  connection_manager.cc:498   | djM6NjFxOWMxbzU3ZGFsNG1uYTZramNldjRqdHE3ZGdwOjE6MTkyLjE2OC4xLjEwMzoxMjM2OjA6Ny4wMC4yMTAzMjRQOjM=:djE6Q09NUElMQV9ROkFkbWluOjhjTG9KcHlFRmNmdkJ0TGN6dHE1Q1FkWTM4TjJDNmtISEIyWUQzTmxsNUU9|djI6MTcwNDM4NTYwNzowOjE6MQ==.r+4kKJmf4ejXIDNY5DApuAqCW1wYyEm5bYsjESI+F7niYGSV2cimeEM80abiBPJMoHkwJuIlqEUb0IU4B5XRvSUHg5iOFia6MkOKqlnfGgMg4tLRvVhdNVQNQ895gRanQbHcWZDIlq7PWPpGWW+KBGyUXdd5rAaG2njN3qDcLDO0oED9SzFyso8ItybozuaFPXK8HJZic/RR1WocIncF6Rx7DKoosi/A6U/cMssxRjHMGRIgXw9h5TqgOhnSSd/wF2aNLC/pwSxxKb3uYiUEQueJgg/6kRs6IK0PZInJwHKbqLW6BDljLSfRiHNTqOCCeXOzG9yxPTV5G1AvkT1rug==
(   0.285s) [comp-preload    ]        totvs_linter.cc:94    | TotvsLinter::callAdvplC (d:/totvs 12/microsiga/protheus/projetovscode/07_financeiro/f060act.prw)
(   0.285s) [stdout          ]               timer.cc:42    | [e2e] Message to Client: "[Info] Starting reconnection to the server 'DEV_COMPILA'" took 0.1 ms
(   0.285s) [querydb         ]    security_manager.cc:337   | authentic TRUE
(   0.285s) [querydb         ]    security_manager.cc:520   | done 8cLoJpyEFcfvBtLcztq5CQdY38N2C6kHHB2YD3Nll5E=
(   0.285s) [querydb         ]    security_manager.cc:530   | done password symmDecrypt (12)
(   0.285s) [querydb         ]  connection_manager.cc:4507  | ConnectionManager::newConnection: 192.168.1.103:1236 (20210324103317) [1] {3}
(   0.285s) [querydb         ]  connection_manager.cc:4511  | connected status: 0
(   0.386s) [querydb         ]  connection_manager.cc:4514  | connected status: 2
(   0.386s) [querydb         ]  connection_manager.cc:4522  | MS_DBGGETBUILD OK
(   0.386s) [querydb         ]  connection_manager.cc:4532  | build: 7.00.210324P
(   0.386s) [querydb         ]  connection_manager.cc:4541  | creating secureContext
(   0.386s) [querydb         ]  connection_manager.cc:4543  | secureContext initialize
(   0.452s) [querydb         ]  connection_manager.cc:4546  | asymmetric generateKeys
(   0.452s) [querydb         ]  connection_manager.cc:4548  | secureContext initialized
(   0.460s) [comp-preload    ]        totvs_linter.cc:13    | linterParseDiagnostic: 
F060ACT.PRW(297) warning W0003 Local variable LNDELE never used
F060ACT.PRW(293) warning W0003 Local variable NEDIT41 never used
F060ACT.PRW(294) warning W0003 Local variable OEDIT41 never used
(   0.553s) [stdout          ]               timer.cc:42    | [e2e] Message to Client: "[Info] Secure authenticating..." took 0.2 ms
(   2.250s) [querydb         ]  connection_manager.cc:4855  | MS_DBGPSWADM_SEC OK
(   2.250s) [querydb         ]  connection_manager.cc:4722  | checkAuthenticationError userCode: 0
(   2.250s) [querydb         ]  connection_manager.cc:4859  | User authenticated successfully.
(   2.250s) [stdout          ]               timer.cc:42    | [e2e] Message to Client: "[Info] User authenticated successfully." took 0.2 ms
(   2.263s) [querydb         ]               timer.cc:42    | [perf] ConnectionManager dbgGetServerType exec took 0.616 ms
(   2.263s) [querydb         ]  connection_manager.cc:4949  | MS_DBGGETSERVERTYPE OK => TOTVSTEC
(   2.263s) [querydb         ]    security_manager.cc:541   | encodedExtraInfo: djI6MTcwNDM4NTk0NzowOjE6MQ==
(   2.270s) [querydb         ]    security_manager.cc:289   | signature IUOtlG6rWpDCfGbEY6hcGBkMf8FrrPFC4fdbwx2lct6n4t+Nw5Oov//+Pi1xk1cKGFDM8HlgxMTUktbqy+0uYth3s0PuRj9wckjarvoKimP8l3O98nm+Q06lcCuQuJUIXwnQL0/fZ/LP8YHi+ziI+zUe+67PePdMBOgF6TinbgM8YqADEEblaQ7Zj9xOHVJUycNBnbG27jlDm2z1Q0qXy1S2qIY0EU+7ly8LST8h6B8S7QSiD4iF5O7IPIE66CHYLgTmkxIVMHKgJPbM9zMY+Kw2W+B8ArksA7tTGOJaSPlz0rqu2YIUBPAgPurNectGG/iN5/89/2vY8n8iMwWHdg==
(   2.270s) [querydb         ]  connection_manager.cc:569   | Reconnection to the server 'DEV_COMPILA' finished.
(   2.270s) [querydb         ]  connection_manager.cc:570   | djM6NjFxOWMxbzU3ZGFsNG1uYTZramNldjRqdHE3ZGdwOjE6MTkyLjE2OC4xLjEwMzoxMjM2OjA6Ny4wMC4yMTAzMjRQOjM=:djE6Q09NUElMQV9ROkFkbWluOjhjTG9KcHlFRmNmdkJ0TGN6dHE1Q1FkWTM4TjJDNmtISEIyWUQzTmxsNUU9|djI6MTcwNDM4NTk0NzowOjE6MQ==.IUOtlG6rWpDCfGbEY6hcGBkMf8FrrPFC4fdbwx2lct6n4t+Nw5Oov//+Pi1xk1cKGFDM8HlgxMTUktbqy+0uYth3s0PuRj9wckjarvoKimP8l3O98nm+Q06lcCuQuJUIXwnQL0/fZ/LP8YHi+ziI+zUe+67PePdMBOgF6TinbgM8YqADEEblaQ7Zj9xOHVJUycNBnbG27jlDm2z1Q0qXy1S2qIY0EU+7ly8LST8h6B8S7QSiD4iF5O7IPIE66CHYLgTmkxIVMHKgJPbM9zMY+Kw2W+B8ArksA7tTGOJaSPlz0rqu2YIUBPAgPurNectGG/iN5/89/2vY8n8iMwWHdg==
(   2.270s) [querydb         ]               timer.cc:42    | [perf] ConnectionManager Reconnect server for connectionToken: djM6NjFxOWMxbzU3ZGFsNG1uYTZramNldjRqdHE3ZGdwOjE6MTkyLjE2OC4xLjEwMzoxMjM2OjA6Ny4wMC4yMTAzMjRQOjM=:djE6Q09NUElMQV9ROkFkbWluOjhjTG9KcHlFRmNmdkJ0TGN6dHE1Q1FkWTM4TjJDNmtISEIyWUQzTmxsNUU9|djI6MTcwNDM4NTk0NzowOjE6MQ==.IUOtlG6rWpDCfGbEY6hcGBkMf8FrrPFC4fdbwx2lct6n4t+Nw5Oov//+Pi1xk1cKGFDM8HlgxMTUktbqy+0uYth3s0PuRj9wckjarvoKimP8l3O98nm+Q06lcCuQuJUIXwnQL0/fZ/LP8YHi+ziI+zUe+67PePdMBOgF6TinbgM8YqADEEblaQ7Zj9xOHVJUycNBnbG27jlDm2z1Q0qXy1S2qIY0EU+7ly8LST8h6B8S7QSiD4iF5O7IPIE66CHYLgTmkxIVMHKgJPbM9zMY+Kw2W+B8ArksA7tTGOJaSPlz0rqu2YIUBPAgPurNectGG/iN5/89/2vY8n8iMwWHdg== took 1985.1983126 ms
(   2.270s) [stdout          ]               timer.cc:42    | [e2e] Message to Client: "[Info] Reconnection to the server 'DEV_COMPILA' finished." took 0.2 ms
(   2.270s) [querydb         ]msg_totvsserver_reconne:112   | End Running $totvsserver/reconnect
(   2.270s) [querydb         ]msg_totvsserver_change_:45    | Start Running $totvsserver/changeSetting
(   2.270s) [querydb         ]msg_totvsserver_change_:50    | ChangeSetting : with scope advpls, key fsencoding, value cp1252
(   2.270s) [querydb         ]               utils.cc:539   | Conversion::setCode to 'cp1252'
(   2.270s) [querydb         ]               timer.cc:42    | [perf] ConnectionManager ChangeSetting server  took 0.17 ms
(   2.270s) [stdout          ]               timer.cc:42    | [e2e] Running $totvsserver/reconnect took 1985.1983923 ms
(   2.270s) [querydb         ]msg_totvsserver_change_:94    | End Running $totvsserver/changeSetting
(   2.270s) [stdout          ]               timer.cc:42    | [e2e] Running $totvsserver/changeSetting took 1562.1560697 ms
(   2.270s) [querydb         ]msg_totvsserver_change_:45    | Start Running $totvsserver/changeSetting
(   2.270s) [querydb         ]msg_totvsserver_change_:50    | ChangeSetting : with scope advpls, key autocomplete, value LS
(   2.270s) [querydb         ]               timer.cc:42    | [perf] ConnectionManager ChangeSetting server  took 0.2 ms
(   2.270s) [querydb         ]msg_totvsserver_change_:94    | End Running $totvsserver/changeSetting
(   2.270s) [stdout          ]               timer.cc:42    | [e2e] Running $totvsserver/changeSetting took 1562.1560794 ms
(   2.270s) [querydb         ]msg_totvsserver_change_:45    | Start Running $totvsserver/changeSetting
(   2.270s) [querydb         ]msg_totvsserver_change_:50    | ChangeSetting : with scope advpls, key notificationlevel, value none
(   2.270s) [querydb         ]               timer.cc:42    | [perf] ConnectionManager ChangeSetting server  took 0.2 ms
(   2.270s) [querydb         ]msg_totvsserver_change_:94    | End Running $totvsserver/changeSetting
(   2.270s) [querydb         ]msg_totvsserver_change_:45    | Start Running $totvsserver/changeSetting
(   2.270s) [stdout          ]               timer.cc:42    | [e2e] Running $totvsserver/changeSetting took 1562.1560880 ms
(   2.270s) [querydb         ]msg_totvsserver_change_:50    | ChangeSetting : with scope advpls, key linter, value enabled
(   2.270s) [querydb         ]               timer.cc:42    | [perf] ConnectionManager ChangeSetting server  took 0.1 ms
(   2.270s) [querydb         ]msg_totvsserver_change_:94    | End Running $totvsserver/changeSetting
(   2.270s) [stdout          ]               timer.cc:42    | [e2e] Running $totvsserver/changeSetting took 1562.1560946 ms
(   2.270s) [querydb         ]msg_totvsserver_change_:45    | Start Running $totvsserver/changeSetting
(   2.270s) [querydb         ]msg_totvsserver_change_:50    | ChangeSetting : with scope advpls, key fsencoding, value cp1252
(   2.270s) [querydb         ]               utils.cc:539   | Conversion::setCode to 'cp1252'
(   2.270s) [querydb         ]               timer.cc:42    | [perf] ConnectionManager ChangeSetting server  took 0.10 ms
(   2.270s) [querydb         ]msg_totvsserver_change_:94    | End Running $totvsserver/changeSetting
(   2.270s) [querydb         ]msg_totvsserver_change_:45    | Start Running $totvsserver/changeSetting
(   2.270s) [stdout          ]               timer.cc:42    | [e2e] Running $totvsserver/changeSetting took 1562.1561003 ms
(   2.270s) [querydb         ]msg_totvsserver_change_:50    | ChangeSetting : with scope advpls, key autocomplete, value LS
(   2.270s) [querydb         ]               timer.cc:42    | [perf] ConnectionManager ChangeSetting server  took 0.0 ms
(   2.270s) [querydb         ]msg_totvsserver_change_:94    | End Running $totvsserver/changeSetting
(   2.270s) [stdout          ]               timer.cc:42    | [e2e] Running $totvsserver/changeSetting took 1562.1561058 ms
(   2.270s) [querydb         ]msg_totvsserver_change_:45    | Start Running $totvsserver/changeSetting
(   2.270s) [querydb         ]msg_totvsserver_change_:50    | ChangeSetting : with scope advpls, key notificationlevel, value none
(   2.270s) [querydb         ]               timer.cc:42    | [perf] ConnectionManager ChangeSetting server  took 0.1 ms
(   2.270s) [querydb         ]msg_totvsserver_change_:94    | End Running $totvsserver/changeSetting
(   2.270s) [stdout          ]               timer.cc:42    | [e2e] Running $totvsserver/changeSetting took 1562.1561203 ms
(   2.270s) [querydb         ]msg_totvsserver_change_:45    | Start Running $totvsserver/changeSetting
(   2.271s) [querydb         ]msg_totvsserver_change_:50    | ChangeSetting : with scope advpls, key linter, value enabled
(   2.271s) [querydb         ]               timer.cc:42    | [perf] ConnectionManager ChangeSetting server  took 0.1 ms
(   2.271s) [querydb         ]msg_totvsserver_change_:94    | End Running $totvsserver/changeSetting
(   2.271s) [stdout          ]               timer.cc:42    | [e2e] Running $totvsserver/changeSetting took 1562.1561286 ms
(   2.278s) [querydb         ]msg_totvsserver_server_:47    | Start Running $totvsserver/serverInformations
(   2.278s) [querydb         ]msg_totvsserver_server_:50    | Get server informations of: 
(   2.278s) [querydb         ]  connection_manager.cc:4969  | Searching for connection token: djM6NjFxOWMxbzU3ZGFsNG1uYTZramNldjRqdHE3ZGdwOjE6MTkyLjE2OC4xLjEwMzoxMjM2OjA6Ny4wMC4yMTAzMjRQOjM=:djE6Q09NUElMQV9ROkFkbWluOjhjTG9KcHlFRmNmdkJ0TGN6dHE1Q1FkWTM4TjJDNmtISEIyWUQzTmxsNUU9|djI6MTcwNDM4NTk0NzowOjE6MQ==.IUOtlG6rWpDCfGbEY6hcGBkMf8FrrPFC4fdbwx2lct6n4t+Nw5Oov//+Pi1xk1cKGFDM8HlgxMTUktbqy+0uYth3s0PuRj9wckjarvoKimP8l3O98nm+Q06lcCuQuJUIXwnQL0/fZ/LP8YHi+ziI+zUe+67PePdMBOgF6TinbgM8YqADEEblaQ7Zj9xOHVJUycNBnbG27jlDm2z1Q0qXy1S2qIY0EU+7ly8LST8h6B8S7QSiD4iF5O7IPIE66CHYLgTmkxIVMHKgJPbM9zMY+Kw2W+B8ArksA7tTGOJaSPlz0rqu2YIUBPAgPurNectGG/iN5/89/2vY8n8iMwWHdg==
(   2.278s) [querydb         ]  connection_manager.cc:4974  | Connections thread size: 1
(   2.278s) [querydb         ]  connection_manager.cc:4984  | connection pointer address 000002901CA466D0
(   2.279s) [querydb         ]  connection_manager.cc:7311  | retrievedConnectionThread status 2
(   2.279s) [querydb         ]               timer.cc:42    | [perf] ConnectionManager GetServerInformations => serverInformations.size: [] took 0.151 ms
(   2.279s) [querydb         ]msg_totvsserver_server_:91    | End Running $totvsserver/serverInformations
(   2.279s) [stdout          ]               timer.cc:42    | [e2e] Running $totvsserver/serverInformations took 0.336 ms
(   2.287s) [querydb         ]msg_totvsserver_change_:45    | Start Running $totvsserver/changeSetting
(   2.288s) [querydb         ]msg_totvsserver_change_:50    | ChangeSetting : with scope advpls, key includes, value D:\TOTVS 12\Microsiga\Protheus\include;
(   2.288s) [querydb         ]               timer.cc:42    | [perf] ConnectionManager ChangeSetting server  took 0.3 ms
(   2.288s) [querydb         ]msg_totvsserver_change_:94    | End Running $totvsserver/changeSetting
(   2.288s) [stdout          ]               timer.cc:42    | [e2e] Running $totvsserver/changeSetting took 0.166 ms
( 174.296s) [querydb         ]msg_totvsserver_change_:45    | Start Running $totvsserver/changeSetting
( 174.296s) [querydb         ]msg_totvsserver_change_:50    | ChangeSetting : with scope advpls, key fsencoding, value cp1252
( 174.296s) [querydb         ]               utils.cc:539   | Conversion::setCode to 'cp1252'
( 174.296s) [querydb         ]               timer.cc:42    | [perf] ConnectionManager ChangeSetting server  took 0.14 ms
( 174.296s) [querydb         ]msg_totvsserver_change_:94    | End Running $totvsserver/changeSetting
( 174.296s) [querydb         ]msg_totvsserver_change_:45    | Start Running $totvsserver/changeSetting
( 174.296s) [querydb         ]msg_totvsserver_change_:50    | ChangeSetting : with scope advpls, key autocomplete, value LS
( 174.296s) [stdout          ]               timer.cc:42    | [e2e] Running $totvsserver/changeSetting took 0.14 ms
( 174.296s) [querydb         ]               timer.cc:42    | [perf] ConnectionManager ChangeSetting server  took 0.1 ms
( 174.296s) [querydb         ]msg_totvsserver_change_:94    | End Running $totvsserver/changeSetting
( 174.296s) [querydb         ]msg_totvsserver_change_:45    | Start Running $totvsserver/changeSetting
( 174.296s) [querydb         ]msg_totvsserver_change_:50    | ChangeSetting : with scope advpls, key notificationlevel, value none
( 174.296s) [querydb         ]               timer.cc:42    | [perf] ConnectionManager ChangeSetting server  took 0.2 ms
( 174.296s) [querydb         ]msg_totvsserver_change_:94    | End Running $totvsserver/changeSetting
( 174.296s) [stdout          ]               timer.cc:42    | [e2e] Running $totvsserver/changeSetting took 0.52 ms
( 174.296s) [stdout          ]               timer.cc:42    | [e2e] Running $totvsserver/changeSetting took 0.34 ms
( 174.296s) [querydb         ]msg_totvsserver_change_:45    | Start Running $totvsserver/changeSetting
( 174.296s) [querydb         ]msg_totvsserver_change_:50    | ChangeSetting : with scope advpls, key linter, value enabled
( 174.296s) [querydb         ]               timer.cc:42    | [perf] ConnectionManager ChangeSetting server  took 0.1 ms
( 174.296s) [querydb         ]msg_totvsserver_change_:94    | End Running $totvsserver/changeSetting
( 174.296s) [querydb         ]msg_totvsserver_change_:45    | Start Running $totvsserver/changeSetting
( 174.296s) [stdout          ]               timer.cc:42    | [e2e] Running $totvsserver/changeSetting took 0.146 ms
( 174.296s) [querydb         ]msg_totvsserver_change_:50    | ChangeSetting : with scope advpls, key fsencoding, value cp1252
( 174.296s) [querydb         ]               utils.cc:539   | Conversion::setCode to 'cp1252'
( 174.296s) [querydb         ]               timer.cc:42    | [perf] ConnectionManager ChangeSetting server  took 0.18 ms
( 174.296s) [querydb         ]msg_totvsserver_change_:94    | End Running $totvsserver/changeSetting
( 174.296s) [stdout          ]               timer.cc:42    | [e2e] Running $totvsserver/changeSetting took 0.275 ms
( 174.296s) [querydb         ]msg_totvsserver_change_:45    | Start Running $totvsserver/changeSetting
( 174.296s) [querydb         ]msg_totvsserver_change_:50    | ChangeSetting : with scope advpls, key autocomplete, value LS
( 174.296s) [querydb         ]               timer.cc:42    | [perf] ConnectionManager ChangeSetting server  took 0.0 ms
( 174.296s) [querydb         ]msg_totvsserver_change_:94    | End Running $totvsserver/changeSetting
( 174.296s) [querydb         ]msg_totvsserver_change_:45    | Start Running $totvsserver/changeSetting
( 174.296s) [stdout          ]               timer.cc:42    | [e2e] Running $totvsserver/changeSetting took 0.335 ms
( 174.296s) [querydb         ]msg_totvsserver_change_:50    | ChangeSetting : with scope advpls, key notificationlevel, value none
( 174.296s) [querydb         ]               timer.cc:42    | [perf] ConnectionManager ChangeSetting server  took 0.1 ms
( 174.296s) [querydb         ]msg_totvsserver_change_:94    | End Running $totvsserver/changeSetting
( 174.296s) [querydb         ]msg_totvsserver_change_:45    | Start Running $totvsserver/changeSetting
( 174.296s) [querydb         ]msg_totvsserver_change_:50    | ChangeSetting : with scope advpls, key linter, value enabled
( 174.296s) [querydb         ]               timer.cc:42    | [perf] ConnectionManager ChangeSetting server  took 0.0 ms
( 174.296s) [stdout          ]               timer.cc:42    | [e2e] Running $totvsserver/changeSetting took 0.401 ms
( 174.296s) [stdout          ]               timer.cc:42    | [e2e] Running $totvsserver/changeSetting took 0.471 ms
( 174.296s) [querydb         ]msg_totvsserver_change_:94    | End Running $totvsserver/changeSetting
