Content-Length: 3122
{"jsonrpc":"2.0","id":0,"method":"initialize","params":{"processId":19628,"clientInfo":{"name":"vscode","version":"1.70.0"},"rootPath":"d:\\TOTVS 12\\Microsiga\\Protheus\\ProjetoVSCode","rootUri":"file:///d%3A/TOTVS%2012/Microsiga/Protheus/ProjetoVSCode","capabilities":{"workspace":{"applyEdit":true,"workspaceEdit":{"documentChanges":true,"resourceOperations":["create","rename","delete"],"failureHandling":"textOnlyTransactional"},"didChangeConfiguration":{"dynamicRegistration":true},"didChangeWatchedFiles":{"dynamicRegistration":true},"symbol":{"dynamicRegistration":true,"symbolKind":{"valueSet":[1,2,3,4,5,6,7,8,9,10,11,12,13,14,15,16,17,18,19,20,21,22,23,24,25,26]}},"executeCommand":{"dynamicRegistration":true},"configuration":true,"workspaceFolders":true},"textDocument":{"publishDiagnostics":{"relatedInformation":true,"versionSupport":false,"tagSupport":{"valueSet":[1,2]}},"synchronization":{"dynamicRegistration":true,"willSave":true,"willSaveWaitUntil":true,"didSave":true},"completion":{"dynamicRegistration":true,"contextSupport":true,"completionItem":{"snippetSupport":true,"commitCharactersSupport":true,"documentationFormat":["markdown","plaintext"],"deprecatedSupport":true,"preselectSupport":true,"tagSupport":{"valueSet":[1]}},"completionItemKind":{"valueSet":[1,2,3,4,5,6,7,8,9,10,11,12,13,14,15,16,17,18,19,20,21,22,23,24,25]}},"hover":{"dynamicRegistration":true,"contentFormat":["markdown","plaintext"]},"signatureHelp":{"dynamicRegistration":true,"signatureInformation":{"documentationFormat":["markdown","plaintext"],"parameterInformation":{"labelOffsetSupport":true}},"contextSupport":true},"definition":{"dynamicRegistration":true,"linkSupport":true},"references":{"dynamicRegistration":true},"documentHighlight":{"dynamicRegistration":true},"documentSymbol":{"dynamicRegistration":true,"symbolKind":{"valueSet":[1,2,3,4,5,6,7,8,9,10,11,12,13,14,15,16,17,18,19,20,21,22,23,24,25,26]},"hierarchicalDocumentSymbolSupport":true},"codeAction":{"dynamicRegistration":true,"isPreferredSupport":true,"codeActionLiteralSupport":{"codeActionKind":{"valueSet":["","quickfix","refactor","refactor.extract","refactor.inline","refactor.rewrite","source","source.organizeImports"]}}},"codeLens":{"dynamicRegistration":true},"formatting":{"dynamicRegistration":true},"rangeFormatting":{"dynamicRegistration":true},"onTypeFormatting":{"dynamicRegistration":true},"rename":{"dynamicRegistration":true,"prepareSupport":true},"documentLink":{"dynamicRegistration":true,"tooltipSupport":true},"typeDefinition":{"dynamicRegistration":true,"linkSupport":true},"implementation":{"dynamicRegistration":true,"linkSupport":true},"colorProvider":{"dynamicRegistration":true},"foldingRange":{"dynamicRegistration":true,"rangeLimit":5000,"lineFoldingOnly":true},"declaration":{"dynamicRegistration":true,"linkSupport":true},"selectionRange":{"dynamicRegistration":true}},"window":{"workDoneProgress":true}},"initializationOptions":{"launchArgs":["--log-file=totvsls.log","--record=totvsls"]},"trace":"off","workspaceFolders":[{"uri":"file:///d%3A/TOTVS%2012/Microsiga/Protheus/ProjetoVSCode","name":"ProjetoVSCode"}]}}
Content-Length: 52
{"jsonrpc":"2.0","method":"initialized","params":{}}
Content-Length: 703
{"jsonrpc":"2.0","id":1,"method":"$totvsserver/reconnect","params":{"reconnectInfo":{"connectionToken":"djM6NjFxOWMxbzU3ZGFsNG1uYTZramNldjRqdHE3ZGdwOjE6MTkyLjE2OC4xLjEwMzoxMjM2OjA6Ny4wMC4yMTAzMjRQOjM=:djE6QkFTRVRFU1RFOkFkbWluOkVrZkdadHZZZ21od3ovK0lvZGVtcTNJbXVEVlhyejd6Mk10Z0JGa09YbE09|djI6MTY4ODc1Mzc2MjowOjE6MQ==.rIhjqW9h2ju3PfEzO1/pujOTUy2ViS31yaEy3PaxUZ+LOIoktxhSt2vw+htpJRHyJGuD5SiILqNF1SNl4ntwxsOECpiML/uaXN/2jl/mwj3tHmaBHdZeupHvCEOBSJ89qeztkQdykm97yl4dor1LrSGlgiI63cjqtVMfCsNCPqcAZ8FQrOVGlSx2fn6Ulj//N0Lr6HebN8HOS1E7l37HRrz3B8byM99X1xKPx/3un2io8f4xvtUJvdA8FrV02NNIpdctxtRkknlgPXW3fkSD5BY/nqzNOLriucwX8L5V+qThgPxOQ+oF0ThCKjHYzne8umXEDwyXaBEMBzsxdJjMyg==","serverName":"DEV_COMPILA","connType":3}}}
Content-Length: 148
{"jsonrpc":"2.0","id":2,"method":"$totvsserver/changeSetting","params":{"changeSettingInfo":{"scope":"advpls","key":"fsencoding","value":"cp1252"}}}
Content-Length: 146
{"jsonrpc":"2.0","id":3,"method":"$totvsserver/changeSetting","params":{"changeSettingInfo":{"scope":"advpls","key":"autocomplete","value":"LS"}}}
Content-Length: 153
{"jsonrpc":"2.0","id":4,"method":"$totvsserver/changeSetting","params":{"changeSettingInfo":{"scope":"advpls","key":"notificationlevel","value":"none"}}}
Content-Length: 145
{"jsonrpc":"2.0","id":5,"method":"$totvsserver/changeSetting","params":{"changeSettingInfo":{"scope":"advpls","key":"linter","value":"enabled"}}}
Content-Length: 148
{"jsonrpc":"2.0","id":6,"method":"$totvsserver/changeSetting","params":{"changeSettingInfo":{"scope":"advpls","key":"fsencoding","value":"cp1252"}}}
Content-Length: 146
{"jsonrpc":"2.0","id":7,"method":"$totvsserver/changeSetting","params":{"changeSettingInfo":{"scope":"advpls","key":"autocomplete","value":"LS"}}}
Content-Length: 153
{"jsonrpc":"2.0","id":8,"method":"$totvsserver/changeSetting","params":{"changeSettingInfo":{"scope":"advpls","key":"notificationlevel","value":"none"}}}
Content-Length: 145
{"jsonrpc":"2.0","id":9,"method":"$totvsserver/changeSetting","params":{"changeSettingInfo":{"scope":"advpls","key":"linter","value":"enabled"}}}
Content-Length: 76
{"jsonrpc":"2.0","method":"$/setTraceNotification","params":{"value":"off"}}
Content-Length: 149
{"jsonrpc":"2.0","id":10,"method":"$totvsserver/changeSetting","params":{"changeSettingInfo":{"scope":"advpls","key":"fsencoding","value":"cp1252"}}}
Content-Length: 147
{"jsonrpc":"2.0","id":11,"method":"$totvsserver/changeSetting","params":{"changeSettingInfo":{"scope":"advpls","key":"autocomplete","value":"LS"}}}
Content-Length: 154
{"jsonrpc":"2.0","id":12,"method":"$totvsserver/changeSetting","params":{"changeSettingInfo":{"scope":"advpls","key":"notificationlevel","value":"none"}}}
Content-Length: 146
{"jsonrpc":"2.0","id":13,"method":"$totvsserver/changeSetting","params":{"changeSettingInfo":{"scope":"advpls","key":"linter","value":"enabled"}}}
Content-Length: 149
{"jsonrpc":"2.0","id":14,"method":"$totvsserver/changeSetting","params":{"changeSettingInfo":{"scope":"advpls","key":"fsencoding","value":"cp1252"}}}
Content-Length: 147
{"jsonrpc":"2.0","id":15,"method":"$totvsserver/changeSetting","params":{"changeSettingInfo":{"scope":"advpls","key":"autocomplete","value":"LS"}}}
Content-Length: 154
{"jsonrpc":"2.0","id":16,"method":"$totvsserver/changeSetting","params":{"changeSettingInfo":{"scope":"advpls","key":"notificationlevel","value":"none"}}}
Content-Length: 146
{"jsonrpc":"2.0","id":17,"method":"$totvsserver/changeSetting","params":{"changeSettingInfo":{"scope":"advpls","key":"linter","value":"enabled"}}}
Content-Length: 76
{"jsonrpc":"2.0","method":"$/setTraceNotification","params":{"value":"off"}}
Content-Length: 682
{"jsonrpc":"2.0","id":18,"method":"$totvsserver/serverInformations","params":{"serverInformationsInfo":{"connectionToken":"djM6NjFxOWMxbzU3ZGFsNG1uYTZramNldjRqdHE3ZGdwOjE6MTkyLjE2OC4xLjEwMzoxMjM2OjA6Ny4wMC4yMTAzMjRQOjM=:djE6QkFTRVRFU1RFOkFkbWluOkVrZkdadHZZZ21od3ovK0lvZGVtcTNJbXVEVlhyejd6Mk10Z0JGa09YbE09|djI6MTY4ODk4NjA2ODowOjE6MQ==.V97qDn28VKqeCh0FiFU7heCUS4JiAzbOd3k8n4pd5C2mfrKBENR/br5F2JzKLsQy5Zf0r+2JPG1On+GP9btOY79kSfJrU+JKWQNhgyLZwPPezLWsljIZJUw4MvqaQA61DaX9znT5iz1d48uklm+2HV7qMEL7WaBrr7qJ7+p+eLeTBR/E7HxsU95VBxtUtIKtfLGePEdjKS7NdfCdEf+J/RDUNS51mGJoHA977LdSpTmJ4nlDlupjBICsWyTXjPXqAzrS0ZAiZhlI5OOR8A4sh1+ng7JDr6w8umWjgoA+DOjh3BAvH3uSPptzKjsx+YvjxhTwfH+IKS8ZxJMVktCv4Q=="}}}
Content-Length: 184
{"jsonrpc":"2.0","id":19,"method":"$totvsserver/changeSetting","params":{"changeSettingInfo":{"scope":"advpls","key":"includes","value":"D:\\TOTVS 12\\Microsiga\\Protheus\\include;"}}}
Content-Length: 704
{"jsonrpc":"2.0","id":20,"method":"$totvsserver/reconnect","params":{"reconnectInfo":{"connectionToken":"djM6NjFxOWMxbzU3ZGFsNG1uYTZramNldjRqdHE3ZGdwOjE6MTkyLjE2OC4xLjEwMzoxMjM2OjA6Ny4wMC4yMTAzMjRQOjM=:djE6Q09NUElMQV9ROkFkbWluOm1CR3d6Tm5XdEhrTThHYUl4QmNVZjVncWZWNEt3Z1ltU3E2eExyZi8xQnM9|djI6MTY4ODczMTMwMDowOjE6MQ==.uQYXQCDNyfdC2c1VfKGhDp9irtRGUYPsCOiErkjxiXY8AoHUAc+jML1nMWte+n/Ax63DTfn6iyPVeQAPFZuGyybck5iQhn6o7k+51kGT3yKheQ/2oEaskfgrkbavBWUQ4udiO5n4RIlKua70dCdxmOPTEtM3TQDyJZ1S0VRrhoQeOtahrq036jumNUtSNgjQlxhEdRs2hIFjI868b+2dT2vVIUCw3ddJuAFsmM8TOuy4/COhWLRqrR9ddsVOkebzoieAeKiluH5p4TQDrSCFBIj2eETmfbHqH9oW9eX6arpIpApD1hpban7AcHBZdRmmhCwKnkzEiN3aOQXFEz+lLA==","serverName":"DEV_COMPILA","connType":3}}}
Content-Length: 682
{"jsonrpc":"2.0","id":21,"method":"$totvsserver/serverInformations","params":{"serverInformationsInfo":{"connectionToken":"djM6NjFxOWMxbzU3ZGFsNG1uYTZramNldjRqdHE3ZGdwOjE6MTkyLjE2OC4xLjEwMzoxMjM2OjA6Ny4wMC4yMTAzMjRQOjM=:djE6Q09NUElMQV9ROkFkbWluOm1CR3d6Tm5XdEhrTThHYUl4QmNVZjVncWZWNEt3Z1ltU3E2eExyZi8xQnM9|djI6MTY4ODk4NjEzNzowOjE6MQ==.rIkna7t/AsKu7PY6wQQbzc62OHuEmNhECfnZtt8WYs67Qe01sMogPAfmoGffygExrSNlsxvp09HEAEk/9FfxBcgG+o70p5WeEBJb1O/An2Ypi63lYvrGjd3NovGPyWV4VGhyA60vUC/saN2d6bfa3tZIqoZNbZh0be6RPtO+vFB9fM2BxgzlDJxq0wxcQARK6Q4RY/QO8Gx2ALIOGyl1gJbuGD5iLHQdNxBuMucofgTDo4yOFwxD1STL9+UPKuvacDxJEZPdGEEIPikkrPIO2lAf4XLf7JRgiRfs2wVz6AOuZ197axsK/I9/8XJ0q6y6a50faExXivR1O32X+HRRaQ=="}}}
Content-Length: 184
{"jsonrpc":"2.0","id":22,"method":"$totvsserver/changeSetting","params":{"changeSettingInfo":{"scope":"advpls","key":"includes","value":"D:\\TOTVS 12\\Microsiga\\Protheus\\include;"}}}
Content-Length: 704
{"jsonrpc":"2.0","id":23,"method":"$totvsserver/reconnect","params":{"reconnectInfo":{"connectionToken":"djM6NjFxOWMxbzU3ZGFsNG1uYTZramNldjRqdHE3ZGdwOjE6MTkyLjE2OC4xLjEwMzoxMjM2OjA6Ny4wMC4yMTAzMjRQOjM=:djE6QkFTRVRFU1RFOkFkbWluOkVrZkdadHZZZ21od3ovK0lvZGVtcTNJbXVEVlhyejd6Mk10Z0JGa09YbE09|djI6MTY4ODk4NjA2ODowOjE6MQ==.V97qDn28VKqeCh0FiFU7heCUS4JiAzbOd3k8n4pd5C2mfrKBENR/br5F2JzKLsQy5Zf0r+2JPG1On+GP9btOY79kSfJrU+JKWQNhgyLZwPPezLWsljIZJUw4MvqaQA61DaX9znT5iz1d48uklm+2HV7qMEL7WaBrr7qJ7+p+eLeTBR/E7HxsU95VBxtUtIKtfLGePEdjKS7NdfCdEf+J/RDUNS51mGJoHA977LdSpTmJ4nlDlupjBICsWyTXjPXqAzrS0ZAiZhlI5OOR8A4sh1+ng7JDr6w8umWjgoA+DOjh3BAvH3uSPptzKjsx+YvjxhTwfH+IKS8ZxJMVktCv4Q==","serverName":"DEV_COMPILA","connType":3}}}
Content-Length: 682
{"jsonrpc":"2.0","id":24,"method":"$totvsserver/serverInformations","params":{"serverInformationsInfo":{"connectionToken":"djM6NjFxOWMxbzU3ZGFsNG1uYTZramNldjRqdHE3ZGdwOjE6MTkyLjE2OC4xLjEwMzoxMjM2OjA6Ny4wMC4yMTAzMjRQOjM=:djE6QkFTRVRFU1RFOkFkbWluOkVrZkdadHZZZ21od3ovK0lvZGVtcTNJbXVEVlhyejd6Mk10Z0JGa09YbE09|djI6MTY4ODk4NjA2ODowOjE6MQ==.V97qDn28VKqeCh0FiFU7heCUS4JiAzbOd3k8n4pd5C2mfrKBENR/br5F2JzKLsQy5Zf0r+2JPG1On+GP9btOY79kSfJrU+JKWQNhgyLZwPPezLWsljIZJUw4MvqaQA61DaX9znT5iz1d48uklm+2HV7qMEL7WaBrr7qJ7+p+eLeTBR/E7HxsU95VBxtUtIKtfLGePEdjKS7NdfCdEf+J/RDUNS51mGJoHA977LdSpTmJ4nlDlupjBICsWyTXjPXqAzrS0ZAiZhlI5OOR8A4sh1+ng7JDr6w8umWjgoA+DOjh3BAvH3uSPptzKjsx+YvjxhTwfH+IKS8ZxJMVktCv4Q=="}}}
Content-Length: 184
{"jsonrpc":"2.0","id":25,"method":"$totvsserver/changeSetting","params":{"changeSettingInfo":{"scope":"advpls","key":"includes","value":"D:\\TOTVS 12\\Microsiga\\Protheus\\include;"}}}
Content-Length: 704
{"jsonrpc":"2.0","id":26,"method":"$totvsserver/reconnect","params":{"reconnectInfo":{"connectionToken":"djM6NjFxOWMxbzU3ZGFsNG1uYTZramNldjRqdHE3ZGdwOjE6MTkyLjE2OC4xLjEwMzoxMjM2OjA6Ny4wMC4yMTAzMjRQOjM=:djE6Q09NUElMQV9ROkFkbWluOm1CR3d6Tm5XdEhrTThHYUl4QmNVZjVncWZWNEt3Z1ltU3E2eExyZi8xQnM9|djI6MTY4ODk4NjEzNzowOjE6MQ==.rIkna7t/AsKu7PY6wQQbzc62OHuEmNhECfnZtt8WYs67Qe01sMogPAfmoGffygExrSNlsxvp09HEAEk/9FfxBcgG+o70p5WeEBJb1O/An2Ypi63lYvrGjd3NovGPyWV4VGhyA60vUC/saN2d6bfa3tZIqoZNbZh0be6RPtO+vFB9fM2BxgzlDJxq0wxcQARK6Q4RY/QO8Gx2ALIOGyl1gJbuGD5iLHQdNxBuMucofgTDo4yOFwxD1STL9+UPKuvacDxJEZPdGEEIPikkrPIO2lAf4XLf7JRgiRfs2wVz6AOuZ197axsK/I9/8XJ0q6y6a50faExXivR1O32X+HRRaQ==","serverName":"DEV_COMPILA","connType":3}}}
Content-Length: 682
{"jsonrpc":"2.0","id":27,"method":"$totvsserver/serverInformations","params":{"serverInformationsInfo":{"connectionToken":"djM6NjFxOWMxbzU3ZGFsNG1uYTZramNldjRqdHE3ZGdwOjE6MTkyLjE2OC4xLjEwMzoxMjM2OjA6Ny4wMC4yMTAzMjRQOjM=:djE6Q09NUElMQV9ROkFkbWluOm1CR3d6Tm5XdEhrTThHYUl4QmNVZjVncWZWNEt3Z1ltU3E2eExyZi8xQnM9|djI6MTY4ODk4NjEzNzowOjE6MQ==.rIkna7t/AsKu7PY6wQQbzc62OHuEmNhECfnZtt8WYs67Qe01sMogPAfmoGffygExrSNlsxvp09HEAEk/9FfxBcgG+o70p5WeEBJb1O/An2Ypi63lYvrGjd3NovGPyWV4VGhyA60vUC/saN2d6bfa3tZIqoZNbZh0be6RPtO+vFB9fM2BxgzlDJxq0wxcQARK6Q4RY/QO8Gx2ALIOGyl1gJbuGD5iLHQdNxBuMucofgTDo4yOFwxD1STL9+UPKuvacDxJEZPdGEEIPikkrPIO2lAf4XLf7JRgiRfs2wVz6AOuZ197axsK/I9/8XJ0q6y6a50faExXivR1O32X+HRRaQ=="}}}
Content-Length: 184
{"jsonrpc":"2.0","id":28,"method":"$totvsserver/changeSetting","params":{"changeSettingInfo":{"scope":"advpls","key":"includes","value":"D:\\TOTVS 12\\Microsiga\\Protheus\\include;"}}}
Content-Length: 704
{"jsonrpc":"2.0","id":29,"method":"$totvsserver/reconnect","params":{"reconnectInfo":{"connectionToken":"djM6NjFxOWMxbzU3ZGFsNG1uYTZramNldjRqdHE3ZGdwOjE6MTkyLjE2OC4xLjEwMzoxMjM2OjA6Ny4wMC4yMTAzMjRQOjM=:djE6QkFTRVRFU1RFOkFkbWluOkVrZkdadHZZZ21od3ovK0lvZGVtcTNJbXVEVlhyejd6Mk10Z0JGa09YbE09|djI6MTY4ODk4NjA2ODowOjE6MQ==.V97qDn28VKqeCh0FiFU7heCUS4JiAzbOd3k8n4pd5C2mfrKBENR/br5F2JzKLsQy5Zf0r+2JPG1On+GP9btOY79kSfJrU+JKWQNhgyLZwPPezLWsljIZJUw4MvqaQA61DaX9znT5iz1d48uklm+2HV7qMEL7WaBrr7qJ7+p+eLeTBR/E7HxsU95VBxtUtIKtfLGePEdjKS7NdfCdEf+J/RDUNS51mGJoHA977LdSpTmJ4nlDlupjBICsWyTXjPXqAzrS0ZAiZhlI5OOR8A4sh1+ng7JDr6w8umWjgoA+DOjh3BAvH3uSPptzKjsx+YvjxhTwfH+IKS8ZxJMVktCv4Q==","serverName":"DEV_COMPILA","connType":3}}}
Content-Length: 682
{"jsonrpc":"2.0","id":30,"method":"$totvsserver/serverInformations","params":{"serverInformationsInfo":{"connectionToken":"djM6NjFxOWMxbzU3ZGFsNG1uYTZramNldjRqdHE3ZGdwOjE6MTkyLjE2OC4xLjEwMzoxMjM2OjA6Ny4wMC4yMTAzMjRQOjM=:djE6QkFTRVRFU1RFOkFkbWluOkVrZkdadHZZZ21od3ovK0lvZGVtcTNJbXVEVlhyejd6Mk10Z0JGa09YbE09|djI6MTY4ODk4NjA2ODowOjE6MQ==.V97qDn28VKqeCh0FiFU7heCUS4JiAzbOd3k8n4pd5C2mfrKBENR/br5F2JzKLsQy5Zf0r+2JPG1On+GP9btOY79kSfJrU+JKWQNhgyLZwPPezLWsljIZJUw4MvqaQA61DaX9znT5iz1d48uklm+2HV7qMEL7WaBrr7qJ7+p+eLeTBR/E7HxsU95VBxtUtIKtfLGePEdjKS7NdfCdEf+J/RDUNS51mGJoHA977LdSpTmJ4nlDlupjBICsWyTXjPXqAzrS0ZAiZhlI5OOR8A4sh1+ng7JDr6w8umWjgoA+DOjh3BAvH3uSPptzKjsx+YvjxhTwfH+IKS8ZxJMVktCv4Q=="}}}
Content-Length: 184
{"jsonrpc":"2.0","id":31,"method":"$totvsserver/changeSetting","params":{"changeSettingInfo":{"scope":"advpls","key":"includes","value":"D:\\TOTVS 12\\Microsiga\\Protheus\\include;"}}}
Content-Length: 704
{"jsonrpc":"2.0","id":32,"method":"$totvsserver/reconnect","params":{"reconnectInfo":{"connectionToken":"djM6NjFxOWMxbzU3ZGFsNG1uYTZramNldjRqdHE3ZGdwOjE6MTkyLjE2OC4xLjEwMzoxMjM2OjA6Ny4wMC4yMTAzMjRQOjM=:djE6Q09NUElMQV9ROkFkbWluOm1CR3d6Tm5XdEhrTThHYUl4QmNVZjVncWZWNEt3Z1ltU3E2eExyZi8xQnM9|djI6MTY4ODk4NjEzNzowOjE6MQ==.rIkna7t/AsKu7PY6wQQbzc62OHuEmNhECfnZtt8WYs67Qe01sMogPAfmoGffygExrSNlsxvp09HEAEk/9FfxBcgG+o70p5WeEBJb1O/An2Ypi63lYvrGjd3NovGPyWV4VGhyA60vUC/saN2d6bfa3tZIqoZNbZh0be6RPtO+vFB9fM2BxgzlDJxq0wxcQARK6Q4RY/QO8Gx2ALIOGyl1gJbuGD5iLHQdNxBuMucofgTDo4yOFwxD1STL9+UPKuvacDxJEZPdGEEIPikkrPIO2lAf4XLf7JRgiRfs2wVz6AOuZ197axsK/I9/8XJ0q6y6a50faExXivR1O32X+HRRaQ==","serverName":"DEV_COMPILA","connType":3}}}
Content-Length: 682
{"jsonrpc":"2.0","id":33,"method":"$totvsserver/serverInformations","params":{"serverInformationsInfo":{"connectionToken":"djM6NjFxOWMxbzU3ZGFsNG1uYTZramNldjRqdHE3ZGdwOjE6MTkyLjE2OC4xLjEwMzoxMjM2OjA6Ny4wMC4yMTAzMjRQOjM=:djE6Q09NUElMQV9ROkFkbWluOm1CR3d6Tm5XdEhrTThHYUl4QmNVZjVncWZWNEt3Z1ltU3E2eExyZi8xQnM9|djI6MTY4ODk4NjEzNzowOjE6MQ==.rIkna7t/AsKu7PY6wQQbzc62OHuEmNhECfnZtt8WYs67Qe01sMogPAfmoGffygExrSNlsxvp09HEAEk/9FfxBcgG+o70p5WeEBJb1O/An2Ypi63lYvrGjd3NovGPyWV4VGhyA60vUC/saN2d6bfa3tZIqoZNbZh0be6RPtO+vFB9fM2BxgzlDJxq0wxcQARK6Q4RY/QO8Gx2ALIOGyl1gJbuGD5iLHQdNxBuMucofgTDo4yOFwxD1STL9+UPKuvacDxJEZPdGEEIPikkrPIO2lAf4XLf7JRgiRfs2wVz6AOuZ197axsK/I9/8XJ0q6y6a50faExXivR1O32X+HRRaQ=="}}}
Content-Length: 184
{"jsonrpc":"2.0","id":34,"method":"$totvsserver/changeSetting","params":{"changeSettingInfo":{"scope":"advpls","key":"includes","value":"D:\\TOTVS 12\\Microsiga\\Protheus\\include;"}}}
