Content-Length: 157

{"jsonrpc":"2.0","method":"$totvsserver/progress","params":{"indexRequestCount":0,"doIdMapCount":0,"onIdMappedCount":0,"onIndexedCount":0,"activeThreads":0}}

Content-Length: 108

{"jsonrpc":"2.0","method":"window/logMessage","params":{"type":3,"message":"Initializing Language Server."}}

Content-Length: 702

{"jsonrpc":"2.0","id":0,"result":{"capabilities":{"textDocumentSync":1,"completionProvider":{"resolveProvider":false,"triggerCharacters":[":","#"]},"hoverProvider":false,"declarationProvider":false,"definitionProvider":false,"typeDefinitionProvider":false,"implementationProvider":false,"referencesProvider":false,"documentHighlightProvider":false,"documentSymbolProvider":false,"codeActionProvider":false,"colorProvider":false,"workspaceSymbolProvider":false,"documentFormattingProvider":false,"documentRangeFormattingProvider":false,"documentOnTypeFormattingProvider":false,"renameProvider":false,"foldingRangeProvider":false,"executeCommandProvider":{"commands":[]},"selectionRangeProvider":false}}}

Content-Length: 157

{"jsonrpc":"2.0","method":"$totvsserver/progress","params":{"indexRequestCount":0,"doIdMapCount":0,"onIdMappedCount":0,"onIndexedCount":0,"activeThreads":0}}

Content-Length: 157

{"jsonrpc":"2.0","method":"$totvsserver/progress","params":{"indexRequestCount":0,"doIdMapCount":0,"onIdMappedCount":0,"onIndexedCount":0,"activeThreads":0}}

Content-Length: 157

{"jsonrpc":"2.0","method":"$totvsserver/progress","params":{"indexRequestCount":0,"doIdMapCount":0,"onIdMappedCount":0,"onIndexedCount":0,"activeThreads":0}}

Content-Length: 157

{"jsonrpc":"2.0","method":"$totvsserver/progress","params":{"indexRequestCount":0,"doIdMapCount":0,"onIdMappedCount":0,"onIndexedCount":0,"activeThreads":0}}

Content-Length: 157

{"jsonrpc":"2.0","method":"$totvsserver/progress","params":{"indexRequestCount":0,"doIdMapCount":0,"onIdMappedCount":0,"onIndexedCount":0,"activeThreads":0}}

Content-Length: 157

{"jsonrpc":"2.0","method":"$totvsserver/progress","params":{"indexRequestCount":0,"doIdMapCount":0,"onIdMappedCount":0,"onIndexedCount":0,"activeThreads":0}}

Content-Length: 157

{"jsonrpc":"2.0","method":"$totvsserver/progress","params":{"indexRequestCount":0,"doIdMapCount":0,"onIdMappedCount":0,"onIndexedCount":0,"activeThreads":0}}

Content-Length: 157

{"jsonrpc":"2.0","method":"$totvsserver/progress","params":{"indexRequestCount":0,"doIdMapCount":0,"onIdMappedCount":0,"onIndexedCount":0,"activeThreads":0}}

Content-Length: 157

{"jsonrpc":"2.0","method":"$totvsserver/progress","params":{"indexRequestCount":0,"doIdMapCount":0,"onIdMappedCount":0,"onIndexedCount":0,"activeThreads":0}}

Content-Length: 157

{"jsonrpc":"2.0","method":"$totvsserver/progress","params":{"indexRequestCount":0,"doIdMapCount":0,"onIdMappedCount":0,"onIndexedCount":0,"activeThreads":0}}

Content-Length: 157

{"jsonrpc":"2.0","method":"$totvsserver/progress","params":{"indexRequestCount":0,"doIdMapCount":0,"onIdMappedCount":0,"onIndexedCount":0,"activeThreads":0}}

Content-Length: 157

{"jsonrpc":"2.0","method":"$totvsserver/progress","params":{"indexRequestCount":0,"doIdMapCount":0,"onIdMappedCount":0,"onIndexedCount":0,"activeThreads":0}}

Content-Length: 157

{"jsonrpc":"2.0","method":"$totvsserver/progress","params":{"indexRequestCount":0,"doIdMapCount":0,"onIdMappedCount":0,"onIndexedCount":0,"activeThreads":0}}

Content-Length: 157

{"jsonrpc":"2.0","method":"$totvsserver/progress","params":{"indexRequestCount":0,"doIdMapCount":0,"onIdMappedCount":0,"onIndexedCount":0,"activeThreads":0}}

Content-Length: 107

{"jsonrpc":"2.0","method":"window/logMessage","params":{"type":3,"message":"Language Server initialized."}}

Content-Length: 157

{"jsonrpc":"2.0","method":"$totvsserver/progress","params":{"indexRequestCount":0,"doIdMapCount":0,"onIdMappedCount":0,"onIndexedCount":0,"activeThreads":0}}

Content-Length: 157

{"jsonrpc":"2.0","method":"$totvsserver/progress","params":{"indexRequestCount":0,"doIdMapCount":0,"onIdMappedCount":0,"onIndexedCount":0,"activeThreads":0}}

Content-Length: 157

{"jsonrpc":"2.0","method":"$totvsserver/progress","params":{"indexRequestCount":0,"doIdMapCount":0,"onIdMappedCount":0,"onIndexedCount":0,"activeThreads":0}}

Content-Length: 157

{"jsonrpc":"2.0","method":"$totvsserver/progress","params":{"indexRequestCount":0,"doIdMapCount":0,"onIdMappedCount":0,"onIndexedCount":0,"activeThreads":0}}

Content-Length: 130

{"jsonrpc":"2.0","method":"window/logMessage","params":{"type":3,"message":"Starting reconnection to the server 'SRV_DEVELOPER'"}}

Content-Length: 173

{"jsonrpc":"2.0","method":"textDocument/publishDiagnostics","params":{"uri":"file:///d%3A/totvs%2012/microsiga/protheus/projetovscode/10_lib/relinweb.prw","diagnostics":[]}}

Content-Length: 103

{"jsonrpc":"2.0","method":"window/logMessage","params":{"type":3,"message":"Secure authenticating..."}}

Content-Length: 111

{"jsonrpc":"2.0","method":"window/logMessage","params":{"type":3,"message":"User authenticated successfully."}}

Content-Length: 131

{"jsonrpc":"2.0","method":"window/logMessage","params":{"type":3,"message":"Reconnection to the server 'SRV_DEVELOPER' finished."}}

Content-Length: 652

{"jsonrpc":"2.0","id":1,"result":{"connectionToken":"djM6djF5aTBwNzQ4bm1ranViaXNrbGl4aW93NXFneDQ6MToxOTIuMTY4LjEuMTAzOjEyMzY6MDo3LjAwLjE5MTIwNVA6Mw==:djE6Y29tcGlsYV9xOkFkbWluOjNBQWx5ZERjZ1poWERxUzR2SWNIY2NxV1ZQdzJBM2E3Mm1aQTVuUFptRlU9|djI6MTY1MjE3ODQ3NzowOjE6MQ==.Wt0h7Xec5EOTugGUcUBmYWiFZElbYGoLYeKv4JmRoWZgtEYJieBHqTpG8w9rEMCDdix009KMk6joxEUA/EuMM9mjyoX2Fd3eDsrjPFuGNvuO46YjSiIfktxSgwYWPzbnOs3daEMO4/TH9ZQEc5Sz6QpaaCJNiKwIjEfzUhDQIuauwGib7ZDokVBfNXuTPxbv3CCB7K6baB9/MaxLjFocfMtCrER3UA6/vs/GIeC4aIH6A2WqRBmJCauDImrrOwQtrbeqREniKY8sSYmTF7FuXiTatf9SXLUbq5LzKvyCPEbeJalBV+RzwrmqOT7ep3eLVAcv91CzqPIB0zvg6E+ODg==","environment":"compila_q","user":"Admin"}}

Content-Length: 157

{"jsonrpc":"2.0","method":"$totvsserver/progress","params":{"indexRequestCount":0,"doIdMapCount":0,"onIdMappedCount":0,"onIndexedCount":0,"activeThreads":0}}

Content-Length: 157

{"jsonrpc":"2.0","method":"$totvsserver/progress","params":{"indexRequestCount":0,"doIdMapCount":0,"onIdMappedCount":0,"onIndexedCount":0,"activeThreads":0}}

Content-Length: 391

{"jsonrpc":"2.0","id":2,"result":{"message":"OK","serverPermissions":{"operation":["DISCONNECT_USER","SEND_MESSAGE","BLOCK_NEW_CONNECTION","STOP_SERVER","APPLY_PATCH","BUILD_PATCH","MONITOR","COMPILE","APPLY_TEMPLATE"],"text":["M:Disconnect User","M:Send Message to User","M:Block New Connection","M:Stop Server","S:Apply Patch","S:Build Patch","M:Monitor","S:Compile","S:Apply Template"]}}}

Content-Length: 157

{"jsonrpc":"2.0","method":"$totvsserver/progress","params":{"indexRequestCount":0,"doIdMapCount":0,"onIdMappedCount":0,"onIndexedCount":0,"activeThreads":0}}

Content-Length: 157

{"jsonrpc":"2.0","method":"$totvsserver/progress","params":{"indexRequestCount":0,"doIdMapCount":0,"onIdMappedCount":0,"onIndexedCount":0,"activeThreads":0}}

Content-Length: 118

{"jsonrpc":"2.0","id":3,"result":{"setting":{"key":"includes","value":"D:\\TOTVS 12\\Microsiga\\Protheus\\include;"}}}

Content-Length: 157

{"jsonrpc":"2.0","method":"$totvsserver/progress","params":{"indexRequestCount":0,"doIdMapCount":0,"onIdMappedCount":0,"onIndexedCount":0,"activeThreads":0}}

Content-Length: 157

{"jsonrpc":"2.0","method":"$totvsserver/progress","params":{"indexRequestCount":0,"doIdMapCount":0,"onIdMappedCount":0,"onIndexedCount":0,"activeThreads":0}}

Content-Length: 103

{"jsonrpc":"2.0","method":"window/logMessage","params":{"type":3,"message":"Starting patch validate."}}

Content-Length: 180

{"jsonrpc":"2.0","method":"window/logMessage","params":{"type":3,"message":"Patch file: d:/TOTVS 12/BKP_UPDATES/2022-05-10 - LIB/22-05-02-LIB_LABEL_02052022_P12_LOBO-TTTP120.PTM"}}

Content-Length: 120

{"jsonrpc":"2.0","method":"window/logMessage","params":{"type":3,"message":"Starting build for environment compila_q."}}

Content-Length: 122

{"jsonrpc":"2.0","method":"window/logMessage","params":{"type":3,"message":"Patch validated without structure problems."}}

Content-Length: 117

{"jsonrpc":"2.0","method":"window/logMessage","params":{"type":3,"message":"Aborting end build (rollback changes)."}}

Content-Length: 103

{"jsonrpc":"2.0","method":"window/logMessage","params":{"type":3,"message":"Patch validate finished."}}

Content-Length: 107

{"jsonrpc":"2.0","method":"window/logMessage","params":{"type":3,"message":"Starting function inspector."}}

Content-Length: 109

{"jsonrpc":"2.0","method":"window/logMessage","params":{"type":3,"message":"Loading functions from server."}}

Content-Length: 116

{"jsonrpc":"2.0","method":"window/logMessage","params":{"type":3,"message":"Functions loaded (Duration: 3.810000)"}}

Content-Length: 119

{"jsonrpc":"2.0","method":"window/logMessage","params":{"type":3,"message":"121291 functions successfully retrieved."}}

Content-Length: 107

{"jsonrpc":"2.0","method":"window/logMessage","params":{"type":3,"message":"Function inspector finished."}}

Content-Length: 99

{"jsonrpc":"2.0","method":"window/logMessage","params":{"type":3,"message":"Starting patch info."}}

Content-Length: 180

{"jsonrpc":"2.0","method":"window/logMessage","params":{"type":3,"message":"Patch file: d:/TOTVS 12/BKP_UPDATES/2022-05-10 - LIB/22-05-02-LIB_LABEL_02052022_P12_LOBO-TTTP120.PTM"}}

Content-Length: 120

{"jsonrpc":"2.0","method":"window/logMessage","params":{"type":3,"message":"Starting build for environment compila_q."}}

Content-Length: 117

{"jsonrpc":"2.0","method":"window/logMessage","params":{"type":3,"message":"Aborting end build (rollback changes)."}}

Content-Length: 99

{"jsonrpc":"2.0","method":"window/logMessage","params":{"type":3,"message":"Patch info finished."}}

Content-Length: 100

{"jsonrpc":"2.0","method":"window/logMessage","params":{"type":3,"message":"Starting apply patch."}}

Content-Length: 120

{"jsonrpc":"2.0","method":"window/logMessage","params":{"type":3,"message":"Starting build for environment compila_q."}}

Content-Length: 189

{"jsonrpc":"2.0","method":"window/logMessage","params":{"type":3,"message":"Applying patch file: d:/TOTVS 12/BKP_UPDATES/2022-05-10 - LIB/22-05-02-LIB_LABEL_02052022_P12_LOBO-TTTP120.PTM"}}

Content-Length: 157

{"jsonrpc":"2.0","method":"window/logMessage","params":{"type":3,"message":"Patch (22-05-02-LIB_LABEL_02052022_P12_LOBO-TTTP120.PTM) successfully applied."}}

Content-Length: 100

{"jsonrpc":"2.0","method":"window/logMessage","params":{"type":3,"message":"Committing end build."}}

Content-Length: 100

{"jsonrpc":"2.0","method":"window/logMessage","params":{"type":3,"message":"Apply patch finished."}}

Content-Length: 92

{"jsonrpc":"2.0","id":4,"result":{"error":0,"message":"","patchValidates":[],"errorCode":0}}

Content-Length: 157

{"jsonrpc":"2.0","method":"$totvsserver/progress","params":{"indexRequestCount":0,"doIdMapCount":0,"onIdMappedCount":0,"onIndexedCount":0,"activeThreads":0}}

Content-Length: 157

{"jsonrpc":"2.0","method":"$totvsserver/progress","params":{"indexRequestCount":0,"doIdMapCount":0,"onIdMappedCount":0,"onIndexedCount":0,"activeThreads":0}}

Content-Length: 131

{"jsonrpc":"2.0","method":"window/logMessage","params":{"type":3,"message":"Starting reconnection to the server 'SRV_INTEGRADOR'"}}

Content-Length: 103

{"jsonrpc":"2.0","method":"window/logMessage","params":{"type":3,"message":"Secure authenticating..."}}

Content-Length: 111

{"jsonrpc":"2.0","method":"window/logMessage","params":{"type":3,"message":"User authenticated successfully."}}

Content-Length: 132

{"jsonrpc":"2.0","method":"window/logMessage","params":{"type":3,"message":"Reconnection to the server 'SRV_INTEGRADOR' finished."}}

Content-Length: 679

{"jsonrpc":"2.0","id":5,"result":{"connectionToken":"djM6bGRkNGY0b2oxM2NsMGlidnF4bTh3cHdyanMxcnB4OjE6MTkyLjE2OC4xLjEwMzoxMjMzOjA6Ny4wMC4xOTEyMDVQOjM=:djE6Q09NUElMQV9RX0lOVEVHUkFET1I6QWRtaW46ZTRHTlZ3V0ozOVA0WnhFZ3JudkRLbDBzb2QxeFdlZzBsMHR2ZzRaUElDRT0=|djI6MTY1MjE3ODU5ODowOjE6MQ==.B7kzCMUPZWKYJ7C880BxsGAL8Gswy4iYYKF0AXGiq8wpRQl0z3mp3Sseh8BzsEufaItfVfPkQ3A1Y/YZMfWchyOvTopz85TXhPVeFrIanjG7/WVwHkSB4M5OCR13NkcLqKYKUeQBlPScn7s73ASx6TM7aKK+rfZzBfi9DkMfgz7+rXRTnZ3x55Ulo/3hMRzG3AbR73KxDcGw7zTYB+v0Nx3kcv5JuuOmMzl9R3whc8SXIzY2tcRVOOVRMyCEsAmEOnheATRJVnhHmFfnznOzbAi/y1IAqNOEr5v7vzuFopmz9NTUJ1bRKZX9FEqr+ABP4MNoJVOxfvetbL3neOIQQQ==","environment":"COMPILA_Q_INTEGRADOR","user":"Admin"}}

Content-Length: 157

{"jsonrpc":"2.0","method":"$totvsserver/progress","params":{"indexRequestCount":0,"doIdMapCount":0,"onIdMappedCount":0,"onIndexedCount":0,"activeThreads":0}}

Content-Length: 157

{"jsonrpc":"2.0","method":"$totvsserver/progress","params":{"indexRequestCount":0,"doIdMapCount":0,"onIdMappedCount":0,"onIndexedCount":0,"activeThreads":0}}

Content-Length: 391

{"jsonrpc":"2.0","id":6,"result":{"message":"OK","serverPermissions":{"operation":["DISCONNECT_USER","SEND_MESSAGE","BLOCK_NEW_CONNECTION","STOP_SERVER","APPLY_PATCH","BUILD_PATCH","MONITOR","COMPILE","APPLY_TEMPLATE"],"text":["M:Disconnect User","M:Send Message to User","M:Block New Connection","M:Stop Server","S:Apply Patch","S:Build Patch","M:Monitor","S:Compile","S:Apply Template"]}}}

Content-Length: 157

{"jsonrpc":"2.0","method":"$totvsserver/progress","params":{"indexRequestCount":0,"doIdMapCount":0,"onIdMappedCount":0,"onIndexedCount":0,"activeThreads":0}}

Content-Length: 157

{"jsonrpc":"2.0","method":"$totvsserver/progress","params":{"indexRequestCount":0,"doIdMapCount":0,"onIdMappedCount":0,"onIndexedCount":0,"activeThreads":0}}

Content-Length: 118

{"jsonrpc":"2.0","id":7,"result":{"setting":{"key":"includes","value":"D:\\TOTVS 12\\Microsiga\\Protheus\\include;"}}}

Content-Length: 157

{"jsonrpc":"2.0","method":"$totvsserver/progress","params":{"indexRequestCount":0,"doIdMapCount":0,"onIdMappedCount":0,"onIndexedCount":0,"activeThreads":0}}

Content-Length: 157

{"jsonrpc":"2.0","method":"$totvsserver/progress","params":{"indexRequestCount":0,"doIdMapCount":0,"onIdMappedCount":0,"onIndexedCount":0,"activeThreads":0}}

Content-Length: 103

{"jsonrpc":"2.0","method":"window/logMessage","params":{"type":3,"message":"Starting patch validate."}}

Content-Length: 180

{"jsonrpc":"2.0","method":"window/logMessage","params":{"type":3,"message":"Patch file: d:/TOTVS 12/BKP_UPDATES/2022-05-10 - LIB/22-05-02-LIB_LABEL_02052022_P12_LOBO-TTTP120.PTM"}}

Content-Length: 120

{"jsonrpc":"2.0","method":"window/logMessage","params":{"type":3,"message":"Starting build for environment compila_q."}}

Content-Length: 122

{"jsonrpc":"2.0","method":"window/logMessage","params":{"type":3,"message":"Patch validated without structure problems."}}

Content-Length: 117

{"jsonrpc":"2.0","method":"window/logMessage","params":{"type":3,"message":"Aborting end build (rollback changes)."}}

Content-Length: 103

{"jsonrpc":"2.0","method":"window/logMessage","params":{"type":3,"message":"Patch validate finished."}}

Content-Length: 107

{"jsonrpc":"2.0","method":"window/logMessage","params":{"type":3,"message":"Starting function inspector."}}

Content-Length: 109

{"jsonrpc":"2.0","method":"window/logMessage","params":{"type":3,"message":"Loading functions from server."}}

Content-Length: 116

{"jsonrpc":"2.0","method":"window/logMessage","params":{"type":3,"message":"Functions loaded (Duration: 2.848000)"}}

Content-Length: 119

{"jsonrpc":"2.0","method":"window/logMessage","params":{"type":3,"message":"121211 functions successfully retrieved."}}

Content-Length: 107

{"jsonrpc":"2.0","method":"window/logMessage","params":{"type":3,"message":"Function inspector finished."}}

Content-Length: 99

{"jsonrpc":"2.0","method":"window/logMessage","params":{"type":3,"message":"Starting patch info."}}

Content-Length: 180

{"jsonrpc":"2.0","method":"window/logMessage","params":{"type":3,"message":"Patch file: d:/TOTVS 12/BKP_UPDATES/2022-05-10 - LIB/22-05-02-LIB_LABEL_02052022_P12_LOBO-TTTP120.PTM"}}

Content-Length: 120

{"jsonrpc":"2.0","method":"window/logMessage","params":{"type":3,"message":"Starting build for environment compila_q."}}

Content-Length: 117

{"jsonrpc":"2.0","method":"window/logMessage","params":{"type":3,"message":"Aborting end build (rollback changes)."}}

Content-Length: 99

{"jsonrpc":"2.0","method":"window/logMessage","params":{"type":3,"message":"Patch info finished."}}

Content-Length: 100

{"jsonrpc":"2.0","method":"window/logMessage","params":{"type":3,"message":"Starting apply patch."}}

Content-Length: 120

{"jsonrpc":"2.0","method":"window/logMessage","params":{"type":3,"message":"Starting build for environment compila_q."}}

Content-Length: 189

{"jsonrpc":"2.0","method":"window/logMessage","params":{"type":3,"message":"Applying patch file: d:/TOTVS 12/BKP_UPDATES/2022-05-10 - LIB/22-05-02-LIB_LABEL_02052022_P12_LOBO-TTTP120.PTM"}}

Content-Length: 157

{"jsonrpc":"2.0","method":"window/logMessage","params":{"type":3,"message":"Patch (22-05-02-LIB_LABEL_02052022_P12_LOBO-TTTP120.PTM) successfully applied."}}

Content-Length: 100

{"jsonrpc":"2.0","method":"window/logMessage","params":{"type":3,"message":"Committing end build."}}

Content-Length: 100

{"jsonrpc":"2.0","method":"window/logMessage","params":{"type":3,"message":"Apply patch finished."}}

Content-Length: 92

{"jsonrpc":"2.0","id":8,"result":{"error":0,"message":"","patchValidates":[],"errorCode":0}}

Content-Length: 157

{"jsonrpc":"2.0","method":"$totvsserver/progress","params":{"indexRequestCount":0,"doIdMapCount":0,"onIdMappedCount":0,"onIndexedCount":0,"activeThreads":0}}

Content-Length: 157

{"jsonrpc":"2.0","method":"$totvsserver/progress","params":{"indexRequestCount":0,"doIdMapCount":0,"onIdMappedCount":0,"onIndexedCount":0,"activeThreads":0}}

Content-Length: 103

{"jsonrpc":"2.0","method":"window/logMessage","params":{"type":3,"message":"Starting patch validate."}}

Content-Length: 180

{"jsonrpc":"2.0","method":"window/logMessage","params":{"type":3,"message":"Patch file: d:/TOTVS 12/BKP_UPDATES/2022-05-10 - LIB/22-05-02-LIB_LABEL_02052022_P12_LOBO-TTTP120.PTM"}}

Content-Length: 131

{"jsonrpc":"2.0","method":"window/logMessage","params":{"type":3,"message":"Starting build for environment COMPILA_Q_INTEGRADOR."}}

Content-Length: 122

{"jsonrpc":"2.0","method":"window/logMessage","params":{"type":3,"message":"Patch validated without structure problems."}}

Content-Length: 117

{"jsonrpc":"2.0","method":"window/logMessage","params":{"type":3,"message":"Aborting end build (rollback changes)."}}

Content-Length: 103

{"jsonrpc":"2.0","method":"window/logMessage","params":{"type":3,"message":"Patch validate finished."}}

Content-Length: 107

{"jsonrpc":"2.0","method":"window/logMessage","params":{"type":3,"message":"Starting function inspector."}}

Content-Length: 109

{"jsonrpc":"2.0","method":"window/logMessage","params":{"type":3,"message":"Loading functions from server."}}

Content-Length: 116

{"jsonrpc":"2.0","method":"window/logMessage","params":{"type":3,"message":"Functions loaded (Duration: 2.636000)"}}

Content-Length: 119

{"jsonrpc":"2.0","method":"window/logMessage","params":{"type":3,"message":"121098 functions successfully retrieved."}}

Content-Length: 107

{"jsonrpc":"2.0","method":"window/logMessage","params":{"type":3,"message":"Function inspector finished."}}

Content-Length: 99

{"jsonrpc":"2.0","method":"window/logMessage","params":{"type":3,"message":"Starting patch info."}}

Content-Length: 180

{"jsonrpc":"2.0","method":"window/logMessage","params":{"type":3,"message":"Patch file: d:/TOTVS 12/BKP_UPDATES/2022-05-10 - LIB/22-05-02-LIB_LABEL_02052022_P12_LOBO-TTTP120.PTM"}}

Content-Length: 131

{"jsonrpc":"2.0","method":"window/logMessage","params":{"type":3,"message":"Starting build for environment COMPILA_Q_INTEGRADOR."}}

Content-Length: 117

{"jsonrpc":"2.0","method":"window/logMessage","params":{"type":3,"message":"Aborting end build (rollback changes)."}}

Content-Length: 99

{"jsonrpc":"2.0","method":"window/logMessage","params":{"type":3,"message":"Patch info finished."}}

Content-Length: 100

{"jsonrpc":"2.0","method":"window/logMessage","params":{"type":3,"message":"Starting apply patch."}}

Content-Length: 131

{"jsonrpc":"2.0","method":"window/logMessage","params":{"type":3,"message":"Starting build for environment COMPILA_Q_INTEGRADOR."}}

Content-Length: 189

{"jsonrpc":"2.0","method":"window/logMessage","params":{"type":3,"message":"Applying patch file: d:/TOTVS 12/BKP_UPDATES/2022-05-10 - LIB/22-05-02-LIB_LABEL_02052022_P12_LOBO-TTTP120.PTM"}}

Content-Length: 157

{"jsonrpc":"2.0","method":"window/logMessage","params":{"type":3,"message":"Patch (22-05-02-LIB_LABEL_02052022_P12_LOBO-TTTP120.PTM) successfully applied."}}

Content-Length: 100

{"jsonrpc":"2.0","method":"window/logMessage","params":{"type":3,"message":"Committing end build."}}

Content-Length: 100

{"jsonrpc":"2.0","method":"window/logMessage","params":{"type":3,"message":"Apply patch finished."}}

Content-Length: 92

{"jsonrpc":"2.0","id":9,"result":{"error":0,"message":"","patchValidates":[],"errorCode":0}}

Content-Length: 157

{"jsonrpc":"2.0","method":"$totvsserver/progress","params":{"indexRequestCount":0,"doIdMapCount":0,"onIdMappedCount":0,"onIndexedCount":0,"activeThreads":0}}

Content-Length: 157

{"jsonrpc":"2.0","method":"$totvsserver/progress","params":{"indexRequestCount":0,"doIdMapCount":0,"onIdMappedCount":0,"onIndexedCount":0,"activeThreads":0}}

Content-Length: 127

{"jsonrpc":"2.0","method":"window/logMessage","params":{"type":3,"message":"Starting reconnection to the server 'SRV_WSREST'"}}

Content-Length: 103

{"jsonrpc":"2.0","method":"window/logMessage","params":{"type":3,"message":"Secure authenticating..."}}

Content-Length: 111

{"jsonrpc":"2.0","method":"window/logMessage","params":{"type":3,"message":"User authenticated successfully."}}

Content-Length: 128

{"jsonrpc":"2.0","method":"window/logMessage","params":{"type":3,"message":"Reconnection to the server 'SRV_WSREST' finished."}}

Content-Length: 646

{"jsonrpc":"2.0","id":10,"result":{"connectionToken":"djM6ajJicndyMzQ5N2VrdHg5NGxjZ3V5ejd6ODVlcWo6MToxOTIuMTY4LjEuMTAzOjEyNDc6MDo3LjAwLjE5MTIwNVA6Mw==:djE6V1NSRVNUOkFkbWluOkhKT1VzanVxM1BPNlh5TVN3MnFxWjJBVEszdEV1WHQwL0hMb1BBVWE1a0k9|djI6MTY1MjE3ODY3NzowOjE6MQ==.LUBb3HoQBjAt1+qiJEFQAs6vKPi5DZSBloST5bLZO0tbgVeGfoAryY2imFJmPlKjjTQJ85G6dbNsNJf4Txy8LDFFu+r5gd0wMu/2m1eKS5SO6XFw7FDO5Uu5fsuBD2je/KJVn3nFOXGQdY60IqxF7FcMjsV7Pl2iOx+tguo0NmnCIgu7/0F4X477eHaQYgl3928vvElHvbRaFRLsUpFe4YaFH5SBb0c5RGVJfhvzV+CfZpWZNkD3UtGk7HWbI/X+wrRxAnXYYftX1i7Uc+8E2QbAMOJLnVXogF2So0ROWlrbJQZ/pwzw4/8Q1JJ6Qi2PJRX9sDNpRdc3Ac8YQvr5Ig==","environment":"WSREST","user":"Admin"}}

Content-Length: 157

{"jsonrpc":"2.0","method":"$totvsserver/progress","params":{"indexRequestCount":0,"doIdMapCount":0,"onIdMappedCount":0,"onIndexedCount":0,"activeThreads":0}}

Content-Length: 157

{"jsonrpc":"2.0","method":"$totvsserver/progress","params":{"indexRequestCount":0,"doIdMapCount":0,"onIdMappedCount":0,"onIndexedCount":0,"activeThreads":0}}

Content-Length: 392

{"jsonrpc":"2.0","id":11,"result":{"message":"OK","serverPermissions":{"operation":["DISCONNECT_USER","SEND_MESSAGE","BLOCK_NEW_CONNECTION","STOP_SERVER","APPLY_PATCH","BUILD_PATCH","MONITOR","COMPILE","APPLY_TEMPLATE"],"text":["M:Disconnect User","M:Send Message to User","M:Block New Connection","M:Stop Server","S:Apply Patch","S:Build Patch","M:Monitor","S:Compile","S:Apply Template"]}}}

Content-Length: 157

{"jsonrpc":"2.0","method":"$totvsserver/progress","params":{"indexRequestCount":0,"doIdMapCount":0,"onIdMappedCount":0,"onIndexedCount":0,"activeThreads":0}}

Content-Length: 157

{"jsonrpc":"2.0","method":"$totvsserver/progress","params":{"indexRequestCount":0,"doIdMapCount":0,"onIdMappedCount":0,"onIndexedCount":0,"activeThreads":0}}

Content-Length: 119

{"jsonrpc":"2.0","id":12,"result":{"setting":{"key":"includes","value":"D:\\TOTVS 12\\Microsiga\\Protheus\\include;"}}}

Content-Length: 157

{"jsonrpc":"2.0","method":"$totvsserver/progress","params":{"indexRequestCount":0,"doIdMapCount":0,"onIdMappedCount":0,"onIndexedCount":0,"activeThreads":0}}

Content-Length: 157

{"jsonrpc":"2.0","method":"$totvsserver/progress","params":{"indexRequestCount":0,"doIdMapCount":0,"onIdMappedCount":0,"onIndexedCount":0,"activeThreads":0}}

Content-Length: 103

{"jsonrpc":"2.0","method":"window/logMessage","params":{"type":3,"message":"Starting patch validate."}}

Content-Length: 180

{"jsonrpc":"2.0","method":"window/logMessage","params":{"type":3,"message":"Patch file: d:/TOTVS 12/BKP_UPDATES/2022-05-10 - LIB/22-05-02-LIB_LABEL_02052022_P12_LOBO-TTTP120.PTM"}}

Content-Length: 117

{"jsonrpc":"2.0","method":"window/logMessage","params":{"type":3,"message":"Starting build for environment WSREST."}}

Content-Length: 122

{"jsonrpc":"2.0","method":"window/logMessage","params":{"type":3,"message":"Patch validated without structure problems."}}

Content-Length: 117

{"jsonrpc":"2.0","method":"window/logMessage","params":{"type":3,"message":"Aborting end build (rollback changes)."}}

Content-Length: 103

{"jsonrpc":"2.0","method":"window/logMessage","params":{"type":3,"message":"Patch validate finished."}}

Content-Length: 107

{"jsonrpc":"2.0","method":"window/logMessage","params":{"type":3,"message":"Starting function inspector."}}

Content-Length: 109

{"jsonrpc":"2.0","method":"window/logMessage","params":{"type":3,"message":"Loading functions from server."}}

Content-Length: 116

{"jsonrpc":"2.0","method":"window/logMessage","params":{"type":3,"message":"Functions loaded (Duration: 2.503000)"}}

Content-Length: 119

{"jsonrpc":"2.0","method":"window/logMessage","params":{"type":3,"message":"121208 functions successfully retrieved."}}

Content-Length: 107

{"jsonrpc":"2.0","method":"window/logMessage","params":{"type":3,"message":"Function inspector finished."}}

Content-Length: 99

{"jsonrpc":"2.0","method":"window/logMessage","params":{"type":3,"message":"Starting patch info."}}

Content-Length: 180

{"jsonrpc":"2.0","method":"window/logMessage","params":{"type":3,"message":"Patch file: d:/TOTVS 12/BKP_UPDATES/2022-05-10 - LIB/22-05-02-LIB_LABEL_02052022_P12_LOBO-TTTP120.PTM"}}

Content-Length: 117

{"jsonrpc":"2.0","method":"window/logMessage","params":{"type":3,"message":"Starting build for environment WSREST."}}

Content-Length: 117

{"jsonrpc":"2.0","method":"window/logMessage","params":{"type":3,"message":"Aborting end build (rollback changes)."}}

Content-Length: 99

{"jsonrpc":"2.0","method":"window/logMessage","params":{"type":3,"message":"Patch info finished."}}

Content-Length: 100

{"jsonrpc":"2.0","method":"window/logMessage","params":{"type":3,"message":"Starting apply patch."}}

Content-Length: 117

{"jsonrpc":"2.0","method":"window/logMessage","params":{"type":3,"message":"Starting build for environment WSREST."}}

Content-Length: 189

{"jsonrpc":"2.0","method":"window/logMessage","params":{"type":3,"message":"Applying patch file: d:/TOTVS 12/BKP_UPDATES/2022-05-10 - LIB/22-05-02-LIB_LABEL_02052022_P12_LOBO-TTTP120.PTM"}}

Content-Length: 157

{"jsonrpc":"2.0","method":"window/logMessage","params":{"type":3,"message":"Patch (22-05-02-LIB_LABEL_02052022_P12_LOBO-TTTP120.PTM) successfully applied."}}

Content-Length: 100

{"jsonrpc":"2.0","method":"window/logMessage","params":{"type":3,"message":"Committing end build."}}

Content-Length: 100

{"jsonrpc":"2.0","method":"window/logMessage","params":{"type":3,"message":"Apply patch finished."}}

Content-Length: 93

{"jsonrpc":"2.0","id":13,"result":{"error":0,"message":"","patchValidates":[],"errorCode":0}}

Content-Length: 157

{"jsonrpc":"2.0","method":"$totvsserver/progress","params":{"indexRequestCount":0,"doIdMapCount":0,"onIdMappedCount":0,"onIndexedCount":0,"activeThreads":0}}

Content-Length: 157

{"jsonrpc":"2.0","method":"$totvsserver/progress","params":{"indexRequestCount":0,"doIdMapCount":0,"onIdMappedCount":0,"onIndexedCount":0,"activeThreads":0}}

Content-Length: 120

{"jsonrpc":"2.0","method":"window/logMessage","params":{"type":3,"message":"Starting reconnection to the server 'TSS'"}}

Content-Length: 103

{"jsonrpc":"2.0","method":"window/logMessage","params":{"type":3,"message":"Secure authenticating..."}}

Content-Length: 111

{"jsonrpc":"2.0","method":"window/logMessage","params":{"type":3,"message":"User authenticated successfully."}}

Content-Length: 121

{"jsonrpc":"2.0","method":"window/logMessage","params":{"type":3,"message":"Reconnection to the server 'TSS' finished."}}

Content-Length: 644

{"jsonrpc":"2.0","id":14,"result":{"connectionToken":"djM6aXg4cmRtZGtremVrcHdtMmh4YTZ0b3BnY2pjODhuOjE6MTkyLjE2OC4xLjEwMzo1MDYwOjE6Ny4wMC4xOTEyMDVQOjM=:djE6U1BFRDpBZG1pbjpqdlhrSm1HNEdEbWZrWUNHSjRKR0RkQ2RVYXpCbzdPcjhMekdIcnBoWGU4PQ==|djI6MTY1MjE3ODczOTowOjE6MQ==.czP+71llhOisn2lSKGQ5UPN2+5hRliz6Yj4gasqCVC1ajdTujg03vlV5PW4JKnJaPBUB5qxsIOeugxuUo2Ka642YflfwOOYVNTP/qPgVt6Hu9NB2sizPB87uxgKz4/T3GTRZdG7tv8pDIptou/EgoyZDDJDtpUE8CFq7fkRToRkTU2Qx0qhZYD5Bpj7k9eUALL37TYV0Cfs5iorRDRGsbSoHqgrdWxnBriWXuoPLsRiPaU+HY4yLvX+P+e7G5EfzIKAGH551o6kwUGZ4VwLJyIfJ2HHE0AimDi5uKWS6PrQx5n87XzaieCDQTvSQ2mTU76gT77A/MRaPsk30/BO4aA==","environment":"SPED","user":"Admin"}}

Content-Length: 157

{"jsonrpc":"2.0","method":"$totvsserver/progress","params":{"indexRequestCount":0,"doIdMapCount":0,"onIdMappedCount":0,"onIndexedCount":0,"activeThreads":0}}

Content-Length: 157

{"jsonrpc":"2.0","method":"$totvsserver/progress","params":{"indexRequestCount":0,"doIdMapCount":0,"onIdMappedCount":0,"onIndexedCount":0,"activeThreads":0}}

Content-Length: 392

{"jsonrpc":"2.0","id":15,"result":{"message":"OK","serverPermissions":{"operation":["DISCONNECT_USER","SEND_MESSAGE","BLOCK_NEW_CONNECTION","STOP_SERVER","APPLY_PATCH","BUILD_PATCH","MONITOR","COMPILE","APPLY_TEMPLATE"],"text":["M:Disconnect User","M:Send Message to User","M:Block New Connection","M:Stop Server","S:Apply Patch","S:Build Patch","M:Monitor","S:Compile","S:Apply Template"]}}}

Content-Length: 157

{"jsonrpc":"2.0","method":"$totvsserver/progress","params":{"indexRequestCount":0,"doIdMapCount":0,"onIdMappedCount":0,"onIndexedCount":0,"activeThreads":0}}

Content-Length: 157

{"jsonrpc":"2.0","method":"$totvsserver/progress","params":{"indexRequestCount":0,"doIdMapCount":0,"onIdMappedCount":0,"onIndexedCount":0,"activeThreads":0}}

Content-Length: 130

{"jsonrpc":"2.0","method":"window/logMessage","params":{"type":3,"message":"Starting reconnection to the server 'SRV_DEVELOPER'"}}

Content-Length: 653

{"jsonrpc":"2.0","id":16,"result":{"connectionToken":"djM6djF5aTBwNzQ4bm1ranViaXNrbGl4aW93NXFneDQ6MToxOTIuMTY4LjEuMTAzOjEyMzY6MDo3LjAwLjE5MTIwNVA6Mw==:djE6Y29tcGlsYV9xOkFkbWluOjNBQWx5ZERjZ1poWERxUzR2SWNIY2NxV1ZQdzJBM2E3Mm1aQTVuUFptRlU9|djI6MTY1MjE3ODQ3NzowOjE6MQ==.Wt0h7Xec5EOTugGUcUBmYWiFZElbYGoLYeKv4JmRoWZgtEYJieBHqTpG8w9rEMCDdix009KMk6joxEUA/EuMM9mjyoX2Fd3eDsrjPFuGNvuO46YjSiIfktxSgwYWPzbnOs3daEMO4/TH9ZQEc5Sz6QpaaCJNiKwIjEfzUhDQIuauwGib7ZDokVBfNXuTPxbv3CCB7K6baB9/MaxLjFocfMtCrER3UA6/vs/GIeC4aIH6A2WqRBmJCauDImrrOwQtrbeqREniKY8sSYmTF7FuXiTatf9SXLUbq5LzKvyCPEbeJalBV+RzwrmqOT7ep3eLVAcv91CzqPIB0zvg6E+ODg==","environment":"compila_q","user":"Admin"}}

Content-Length: 157

{"jsonrpc":"2.0","method":"$totvsserver/progress","params":{"indexRequestCount":0,"doIdMapCount":0,"onIdMappedCount":0,"onIndexedCount":0,"activeThreads":0}}

Content-Length: 157

{"jsonrpc":"2.0","method":"$totvsserver/progress","params":{"indexRequestCount":0,"doIdMapCount":0,"onIdMappedCount":0,"onIndexedCount":0,"activeThreads":0}}

Content-Length: 392

{"jsonrpc":"2.0","id":17,"result":{"message":"OK","serverPermissions":{"operation":["DISCONNECT_USER","SEND_MESSAGE","BLOCK_NEW_CONNECTION","STOP_SERVER","APPLY_PATCH","BUILD_PATCH","MONITOR","COMPILE","APPLY_TEMPLATE"],"text":["M:Disconnect User","M:Send Message to User","M:Block New Connection","M:Stop Server","S:Apply Patch","S:Build Patch","M:Monitor","S:Compile","S:Apply Template"]}}}

Content-Length: 157

{"jsonrpc":"2.0","method":"$totvsserver/progress","params":{"indexRequestCount":0,"doIdMapCount":0,"onIdMappedCount":0,"onIndexedCount":0,"activeThreads":0}}

Content-Length: 157

{"jsonrpc":"2.0","method":"$totvsserver/progress","params":{"indexRequestCount":0,"doIdMapCount":0,"onIdMappedCount":0,"onIndexedCount":0,"activeThreads":0}}

Content-Length: 119

{"jsonrpc":"2.0","id":18,"result":{"setting":{"key":"includes","value":"D:\\TOTVS 12\\Microsiga\\Protheus\\include;"}}}

Content-Length: 157

{"jsonrpc":"2.0","method":"$totvsserver/progress","params":{"indexRequestCount":0,"doIdMapCount":0,"onIdMappedCount":0,"onIndexedCount":0,"activeThreads":0}}

Content-Length: 157

{"jsonrpc":"2.0","method":"$totvsserver/progress","params":{"indexRequestCount":0,"doIdMapCount":0,"onIdMappedCount":0,"onIndexedCount":0,"activeThreads":0}}

Content-Length: 157

{"jsonrpc":"2.0","method":"$totvsserver/progress","params":{"indexRequestCount":1,"doIdMapCount":0,"onIdMappedCount":0,"onIndexedCount":0,"activeThreads":0}}

Content-Length: 157

{"jsonrpc":"2.0","method":"$totvsserver/progress","params":{"indexRequestCount":0,"doIdMapCount":0,"onIdMappedCount":0,"onIndexedCount":0,"activeThreads":0}}

Content-Length: 157

{"jsonrpc":"2.0","method":"$totvsserver/progress","params":{"indexRequestCount":0,"doIdMapCount":0,"onIdMappedCount":0,"onIndexedCount":0,"activeThreads":0}}

Content-Length: 174

{"jsonrpc":"2.0","method":"textDocument/publishDiagnostics","params":{"uri":"file:///d%3A/totvs%2012/microsiga/protheus/projetovscode/02_compras/imppc.prw","diagnostics":[]}}

Content-Length: 84

{"jsonrpc":"2.0","id":19,"result":{"setting":{"key":"fsencoding","value":"cp1252"}}}

Content-Length: 82

{"jsonrpc":"2.0","id":20,"result":{"setting":{"key":"autocomplete","value":"LS"}}}

Content-Length: 89

{"jsonrpc":"2.0","id":21,"result":{"setting":{"key":"notificationlevel","value":"none"}}}

Content-Length: 81

{"jsonrpc":"2.0","id":22,"result":{"setting":{"key":"linter","value":"enabled"}}}

Content-Length: 84

{"jsonrpc":"2.0","id":23,"result":{"setting":{"key":"fsencoding","value":"cp1252"}}}

Content-Length: 82

{"jsonrpc":"2.0","id":24,"result":{"setting":{"key":"autocomplete","value":"LS"}}}

Content-Length: 89

{"jsonrpc":"2.0","id":25,"result":{"setting":{"key":"notificationlevel","value":"none"}}}

Content-Length: 81

{"jsonrpc":"2.0","id":26,"result":{"setting":{"key":"linter","value":"enabled"}}}

Content-Length: 157

{"jsonrpc":"2.0","method":"$totvsserver/progress","params":{"indexRequestCount":0,"doIdMapCount":0,"onIdMappedCount":0,"onIndexedCount":0,"activeThreads":0}}

Content-Length: 157

{"jsonrpc":"2.0","method":"$totvsserver/progress","params":{"indexRequestCount":0,"doIdMapCount":0,"onIdMappedCount":0,"onIndexedCount":0,"activeThreads":0}}

Content-Length: 98

{"jsonrpc":"2.0","method":"window/logMessage","params":{"type":3,"message":"Starting recompile."}}

Content-Length: 120

{"jsonrpc":"2.0","method":"window/logMessage","params":{"type":3,"message":"Starting build for environment compila_q."}}

Content-Length: 100

{"jsonrpc":"2.0","method":"window/logMessage","params":{"type":3,"message":"Start file recompile."}}

Content-Length: 133

{"jsonrpc":"2.0","method":"window/logMessage","params":{"type":3,"message":"Using Includes: d:/TOTVS 12/Microsiga/Protheus/include"}}

Content-Length: 173

{"jsonrpc":"2.0","method":"textDocument/publishDiagnostics","params":{"uri":"file:///d%3A/TOTVS%2012/Microsiga/Protheus/ProjetoVSCode/10_LIB/RelInWeb.prw","diagnostics":[]}}

Content-Length: 173

{"jsonrpc":"2.0","method":"window/logMessage","params":{"type":3,"message":"Start secure compiling d:/TOTVS 12/Microsiga/Protheus/ProjetoVSCode/10_LIB/RelInWeb.prw (1/1)."}}

Content-Length: 183

{"jsonrpc":"2.0","method":"window/logMessage","params":{"type":3,"message":"[SUCCESS] Source d:/TOTVS 12/Microsiga/Protheus/ProjetoVSCode/10_LIB/RelInWeb.prw compiled successfully."}}

Content-Length: 173

{"jsonrpc":"2.0","method":"textDocument/publishDiagnostics","params":{"uri":"file:///d%3A/TOTVS%2012/Microsiga/Protheus/ProjetoVSCode/10_LIB/RelInWeb.prw","diagnostics":[]}}

Content-Length: 100

{"jsonrpc":"2.0","method":"window/logMessage","params":{"type":3,"message":"Committing end build."}}

Content-Length: 111

{"jsonrpc":"2.0","method":"window/logMessage","params":{"type":3,"message":"All files compiled successfully."}}

Content-Length: 98

{"jsonrpc":"2.0","method":"window/logMessage","params":{"type":3,"message":"Recompile finished."}}

Content-Length: 220

{"jsonrpc":"2.0","id":27,"result":{"returnCode":0,"compileInfos":[{"status":"SUCCESS","filePath":"d:/TOTVS 12/Microsiga/Protheus/ProjetoVSCode/10_LIB/RelInWeb.prw","message":"Source compiled successfully","detail":""}]}}

Content-Length: 157

{"jsonrpc":"2.0","method":"$totvsserver/progress","params":{"indexRequestCount":0,"doIdMapCount":0,"onIdMappedCount":0,"onIndexedCount":0,"activeThreads":0}}

Content-Length: 157

{"jsonrpc":"2.0","method":"$totvsserver/progress","params":{"indexRequestCount":0,"doIdMapCount":0,"onIdMappedCount":0,"onIndexedCount":0,"activeThreads":0}}

Content-Length: 157

{"jsonrpc":"2.0","method":"$totvsserver/progress","params":{"indexRequestCount":0,"doIdMapCount":0,"onIdMappedCount":0,"onIndexedCount":0,"activeThreads":0}}

Content-Length: 157

{"jsonrpc":"2.0","method":"$totvsserver/progress","params":{"indexRequestCount":0,"doIdMapCount":0,"onIdMappedCount":0,"onIndexedCount":0,"activeThreads":0}}

Content-Length: 68

{"jsonrpc":"2.0","id":28,"result":{"isIncomplete":false,"items":[]}}

